{"timestamp":"2025-09-27T01:00:01.813Z","level":"INFO","message":"Admin statistics retrieved successfully","metadata":{"totalTasks":1,"completedTasks":1,"inProgressTasks":0,"overdueTasks":0,"totalProjects":3,"activeProjects":1,"completedProjects":2,"totalUsers":2,"activeUsers":0}}
{"timestamp":"2025-09-27T01:00:02.014Z","level":"INFO","message":"Dashboard data retrieved successfully","metadata":{"userId":"55735b0c-bee4-4aec-9607-4a3d4a5d7250","userRole":"admin","statsDays":30,"recentTasksCount":1,"recentActivitiesCount":0,"projectsCount":3,"includedSections":["stats","recentTasks","recentActivities","projects"]}}
{"timestamp":"2025-09-27T01:00:34.329Z","level":"INFO","message":"Admin statistics retrieved successfully","metadata":{"totalTasks":1,"completedTasks":1,"inProgressTasks":0,"overdueTasks":0,"totalProjects":3,"activeProjects":1,"completedProjects":2,"totalUsers":2,"activeUsers":0}}
{"timestamp":"2025-09-27T01:00:34.386Z","level":"INFO","message":"Dashboard data retrieved successfully","metadata":{"userId":"55735b0c-bee4-4aec-9607-4a3d4a5d7250","userRole":"admin","statsDays":30,"recentTasksCount":1,"recentActivitiesCount":0,"projectsCount":3,"includedSections":["stats","recentTasks","recentActivities","projects"]}}
{"timestamp":"2025-09-27T01:00:34.733Z","level":"INFO","message":"User project data retrieved successfully","metadata":{"userId":"701777cd-9631-49f4-b307-ba80caee42ad","totalProjects":1,"activeProjects":1,"completedProjects":0}}
{"timestamp":"2025-09-27T01:00:34.789Z","level":"INFO","message":"User project data retrieved successfully","metadata":{"userId":"701777cd-9631-49f4-b307-ba80caee42ad","totalProjects":1,"activeProjects":1,"completedProjects":0}}
{"timestamp":"2025-09-27T01:00:34.873Z","level":"INFO","message":"User statistics retrieved successfully","metadata":{"userId":"701777cd-9631-49f4-b307-ba80caee42ad","totalTasks":1,"completedTasks":1,"inProgressTasks":0,"overdueTasks":0,"totalProjects":1,"activeProjects":1,"completedProjects":0}}
{"timestamp":"2025-09-27T01:00:34.935Z","level":"INFO","message":"Dashboard data retrieved successfully","metadata":{"userId":"701777cd-9631-49f4-b307-ba80caee42ad","userRole":"user","statsDays":30,"recentTasksCount":1,"recentActivitiesCount":0,"projectsCount":1,"includedSections":["stats","recentTasks","recentActivities","projects"]}}
{"timestamp":"2025-09-27T01:01:06.693Z","level":"INFO","message":"User project data retrieved successfully","metadata":{"userId":"701777cd-9631-49f4-b307-ba80caee42ad","totalProjects":1,"activeProjects":1,"completedProjects":0}}
{"timestamp":"2025-09-27T01:01:06.785Z","level":"INFO","message":"User project data retrieved successfully","metadata":{"userId":"701777cd-9631-49f4-b307-ba80caee42ad","totalProjects":1,"activeProjects":1,"completedProjects":0}}
{"timestamp":"2025-09-27T01:01:06.829Z","level":"INFO","message":"User statistics retrieved successfully","metadata":{"userId":"701777cd-9631-49f4-b307-ba80caee42ad","totalTasks":1,"completedTasks":1,"inProgressTasks":0,"overdueTasks":0,"totalProjects":1,"activeProjects":1,"completedProjects":0}}
{"timestamp":"2025-09-27T01:01:07.096Z","level":"INFO","message":"Dashboard data retrieved successfully","metadata":{"userId":"701777cd-9631-49f4-b307-ba80caee42ad","userRole":"user","statsDays":30,"recentTasksCount":1,"recentActivitiesCount":0,"projectsCount":1,"includedSections":["stats","recentTasks","recentActivities","projects"]}}
{"timestamp":"2025-09-27T01:01:38.352Z","level":"INFO","message":"User project data retrieved successfully","metadata":{"userId":"701777cd-9631-49f4-b307-ba80caee42ad","totalProjects":2,"activeProjects":2,"completedProjects":0}}
{"timestamp":"2025-09-27T01:01:38.379Z","level":"INFO","message":"User project data retrieved successfully","metadata":{"userId":"701777cd-9631-49f4-b307-ba80caee42ad","totalProjects":2,"activeProjects":2,"completedProjects":0}}
{"timestamp":"2025-09-27T01:01:38.511Z","level":"INFO","message":"User statistics retrieved successfully","metadata":{"userId":"701777cd-9631-49f4-b307-ba80caee42ad","totalTasks":2,"completedTasks":1,"inProgressTasks":0,"overdueTasks":0,"totalProjects":2,"activeProjects":2,"completedProjects":0}}
{"timestamp":"2025-09-27T01:01:38.599Z","level":"INFO","message":"Dashboard data retrieved successfully","metadata":{"userId":"701777cd-9631-49f4-b307-ba80caee42ad","userRole":"user","statsDays":30,"recentTasksCount":2,"recentActivitiesCount":0,"projectsCount":2,"includedSections":["stats","recentTasks","recentActivities","projects"]}}
{"timestamp":"2025-09-27T01:02:09.483Z","level":"INFO","message":"User project data retrieved successfully","metadata":{"userId":"701777cd-9631-49f4-b307-ba80caee42ad","totalProjects":2,"activeProjects":2,"completedProjects":0}}
{"timestamp":"2025-09-27T01:02:09.504Z","level":"INFO","message":"User project data retrieved successfully","metadata":{"userId":"701777cd-9631-49f4-b307-ba80caee42ad","totalProjects":2,"activeProjects":2,"completedProjects":0}}
{"timestamp":"2025-09-27T01:02:09.645Z","level":"INFO","message":"User statistics retrieved successfully","metadata":{"userId":"701777cd-9631-49f4-b307-ba80caee42ad","totalTasks":2,"completedTasks":1,"inProgressTasks":0,"overdueTasks":0,"totalProjects":2,"activeProjects":2,"completedProjects":0}}
{"timestamp":"2025-09-27T01:02:09.748Z","level":"INFO","message":"Dashboard data retrieved successfully","metadata":{"userId":"701777cd-9631-49f4-b307-ba80caee42ad","userRole":"user","statsDays":30,"recentTasksCount":2,"recentActivitiesCount":0,"projectsCount":2,"includedSections":["stats","recentTasks","recentActivities","projects"]}}
{"timestamp":"2025-09-27T01:02:22.297Z","level":"INFO","message":"Admin statistics retrieved successfully","metadata":{"totalTasks":3,"completedTasks":2,"inProgressTasks":0,"overdueTasks":0,"totalProjects":4,"activeProjects":2,"completedProjects":2,"totalUsers":2,"activeUsers":5}}
{"timestamp":"2025-09-27T01:02:22.382Z","level":"INFO","message":"Dashboard data retrieved successfully","metadata":{"userId":"55735b0c-bee4-4aec-9607-4a3d4a5d7250","userRole":"admin","statsDays":30,"recentTasksCount":3,"recentActivitiesCount":5,"projectsCount":4,"includedSections":["stats","recentTasks","recentActivities","projects"]}}
{"timestamp":"2025-09-27T01:02:41.311Z","level":"INFO","message":"User project data retrieved successfully","metadata":{"userId":"701777cd-9631-49f4-b307-ba80caee42ad","totalProjects":2,"activeProjects":2,"completedProjects":0}}
{"timestamp":"2025-09-27T01:02:41.328Z","level":"INFO","message":"User project data retrieved successfully","metadata":{"userId":"701777cd-9631-49f4-b307-ba80caee42ad","totalProjects":2,"activeProjects":2,"completedProjects":0}}
{"timestamp":"2025-09-27T01:02:41.443Z","level":"INFO","message":"User statistics retrieved successfully","metadata":{"userId":"701777cd-9631-49f4-b307-ba80caee42ad","totalTasks":2,"completedTasks":1,"inProgressTasks":0,"overdueTasks":0,"totalProjects":2,"activeProjects":2,"completedProjects":0}}
{"timestamp":"2025-09-27T01:02:41.533Z","level":"INFO","message":"Dashboard data retrieved successfully","metadata":{"userId":"701777cd-9631-49f4-b307-ba80caee42ad","userRole":"user","statsDays":30,"recentTasksCount":2,"recentActivitiesCount":0,"projectsCount":2,"includedSections":["stats","recentTasks","recentActivities","projects"]}}
{"timestamp":"2025-09-27T01:03:12.377Z","level":"INFO","message":"User project data retrieved successfully","metadata":{"userId":"701777cd-9631-49f4-b307-ba80caee42ad","totalProjects":2,"activeProjects":2,"completedProjects":0}}
{"timestamp":"2025-09-27T01:03:12.397Z","level":"INFO","message":"User project data retrieved successfully","metadata":{"userId":"701777cd-9631-49f4-b307-ba80caee42ad","totalProjects":2,"activeProjects":2,"completedProjects":0}}
{"timestamp":"2025-09-27T01:03:12.606Z","level":"INFO","message":"User statistics retrieved successfully","metadata":{"userId":"701777cd-9631-49f4-b307-ba80caee42ad","totalTasks":2,"completedTasks":1,"inProgressTasks":1,"overdueTasks":0,"totalProjects":2,"activeProjects":2,"completedProjects":0}}
{"timestamp":"2025-09-27T01:03:12.699Z","level":"INFO","message":"Dashboard data retrieved successfully","metadata":{"userId":"701777cd-9631-49f4-b307-ba80caee42ad","userRole":"user","statsDays":30,"recentTasksCount":2,"recentActivitiesCount":0,"projectsCount":2,"includedSections":["stats","recentTasks","recentActivities","projects"]}}
{"timestamp":"2025-09-27T01:03:44.569Z","level":"INFO","message":"User project data retrieved successfully","metadata":{"userId":"701777cd-9631-49f4-b307-ba80caee42ad","totalProjects":2,"activeProjects":2,"completedProjects":0}}
{"timestamp":"2025-09-27T01:03:44.633Z","level":"INFO","message":"User project data retrieved successfully","metadata":{"userId":"701777cd-9631-49f4-b307-ba80caee42ad","totalProjects":2,"activeProjects":2,"completedProjects":0}}
{"timestamp":"2025-09-27T01:03:44.693Z","level":"INFO","message":"User statistics retrieved successfully","metadata":{"userId":"701777cd-9631-49f4-b307-ba80caee42ad","totalTasks":2,"completedTasks":1,"inProgressTasks":1,"overdueTasks":0,"totalProjects":2,"activeProjects":2,"completedProjects":0}}
{"timestamp":"2025-09-27T01:03:44.795Z","level":"INFO","message":"Dashboard data retrieved successfully","metadata":{"userId":"701777cd-9631-49f4-b307-ba80caee42ad","userRole":"user","statsDays":30,"recentTasksCount":2,"recentActivitiesCount":0,"projectsCount":2,"includedSections":["stats","recentTasks","recentActivities","projects"]}}
{"timestamp":"2025-09-27T01:03:58.234Z","level":"INFO","message":"Admin statistics retrieved successfully","metadata":{"totalTasks":3,"completedTasks":2,"inProgressTasks":1,"overdueTasks":0,"totalProjects":4,"activeProjects":1,"completedProjects":3,"totalUsers":2,"activeUsers":7}}
{"timestamp":"2025-09-27T01:03:58.362Z","level":"INFO","message":"Dashboard data retrieved successfully","metadata":{"userId":"55735b0c-bee4-4aec-9607-4a3d4a5d7250","userRole":"admin","statsDays":30,"recentTasksCount":3,"recentActivitiesCount":7,"projectsCount":4,"includedSections":["stats","recentTasks","recentActivities","projects"]}}
{"timestamp":"2025-09-27T01:04:16.093Z","level":"INFO","message":"User project data retrieved successfully","metadata":{"userId":"701777cd-9631-49f4-b307-ba80caee42ad","totalProjects":2,"activeProjects":1,"completedProjects":1}}
{"timestamp":"2025-09-27T01:04:16.202Z","level":"INFO","message":"User project data retrieved successfully","metadata":{"userId":"701777cd-9631-49f4-b307-ba80caee42ad","totalProjects":2,"activeProjects":1,"completedProjects":1}}
{"timestamp":"2025-09-27T01:04:16.308Z","level":"INFO","message":"User statistics retrieved successfully","metadata":{"userId":"701777cd-9631-49f4-b307-ba80caee42ad","totalTasks":2,"completedTasks":1,"inProgressTasks":1,"overdueTasks":0,"totalProjects":2,"activeProjects":1,"completedProjects":1}}
{"timestamp":"2025-09-27T01:04:16.377Z","level":"INFO","message":"Dashboard data retrieved successfully","metadata":{"userId":"701777cd-9631-49f4-b307-ba80caee42ad","userRole":"user","statsDays":30,"recentTasksCount":2,"recentActivitiesCount":0,"projectsCount":2,"includedSections":["stats","recentTasks","recentActivities","projects"]}}
{"timestamp":"2025-09-27T01:04:29.779Z","level":"INFO","message":"Admin statistics retrieved successfully","metadata":{"totalTasks":3,"completedTasks":2,"inProgressTasks":1,"overdueTasks":0,"totalProjects":4,"activeProjects":1,"completedProjects":3,"totalUsers":2,"activeUsers":7}}
{"timestamp":"2025-09-27T01:04:29.969Z","level":"INFO","message":"Dashboard data retrieved successfully","metadata":{"userId":"55735b0c-bee4-4aec-9607-4a3d4a5d7250","userRole":"admin","statsDays":30,"recentTasksCount":3,"recentActivitiesCount":7,"projectsCount":4,"includedSections":["stats","recentTasks","recentActivities","projects"]}}
{"timestamp":"2025-09-27T01:05:01.514Z","level":"INFO","message":"Admin statistics retrieved successfully","metadata":{"totalTasks":3,"completedTasks":2,"inProgressTasks":1,"overdueTasks":0,"totalProjects":4,"activeProjects":1,"completedProjects":3,"totalUsers":2,"activeUsers":7}}
{"timestamp":"2025-09-27T01:05:01.650Z","level":"INFO","message":"Dashboard data retrieved successfully","metadata":{"userId":"55735b0c-bee4-4aec-9607-4a3d4a5d7250","userRole":"admin","statsDays":30,"recentTasksCount":3,"recentActivitiesCount":7,"projectsCount":4,"includedSections":["stats","recentTasks","recentActivities","projects"]}}
{"timestamp":"2025-09-27T01:05:32.757Z","level":"INFO","message":"Admin statistics retrieved successfully","metadata":{"totalTasks":3,"completedTasks":2,"inProgressTasks":1,"overdueTasks":0,"totalProjects":4,"activeProjects":1,"completedProjects":3,"totalUsers":2,"activeUsers":7}}
{"timestamp":"2025-09-27T01:05:32.933Z","level":"INFO","message":"Dashboard data retrieved successfully","metadata":{"userId":"55735b0c-bee4-4aec-9607-4a3d4a5d7250","userRole":"admin","statsDays":30,"recentTasksCount":3,"recentActivitiesCount":7,"projectsCount":4,"includedSections":["stats","recentTasks","recentActivities","projects"]}}
{"timestamp":"2025-09-27T01:06:04.774Z","level":"INFO","message":"Admin statistics retrieved successfully","metadata":{"totalTasks":3,"completedTasks":2,"inProgressTasks":1,"overdueTasks":0,"totalProjects":4,"activeProjects":1,"completedProjects":3,"totalUsers":2,"activeUsers":7}}
{"timestamp":"2025-09-27T01:06:04.928Z","level":"INFO","message":"Dashboard data retrieved successfully","metadata":{"userId":"55735b0c-bee4-4aec-9607-4a3d4a5d7250","userRole":"admin","statsDays":30,"recentTasksCount":3,"recentActivitiesCount":7,"projectsCount":4,"includedSections":["stats","recentTasks","recentActivities","projects"]}}
{"timestamp":"2025-09-27T01:06:36.852Z","level":"INFO","message":"Admin statistics retrieved successfully","metadata":{"totalTasks":3,"completedTasks":2,"inProgressTasks":1,"overdueTasks":0,"totalProjects":4,"activeProjects":1,"completedProjects":3,"totalUsers":2,"activeUsers":7}}
{"timestamp":"2025-09-27T01:06:37.065Z","level":"INFO","message":"Dashboard data retrieved successfully","metadata":{"userId":"55735b0c-bee4-4aec-9607-4a3d4a5d7250","userRole":"admin","statsDays":30,"recentTasksCount":3,"recentActivitiesCount":7,"projectsCount":4,"includedSections":["stats","recentTasks","recentActivities","projects"]}}
{"timestamp":"2025-09-27T01:07:08.912Z","level":"INFO","message":"Admin statistics retrieved successfully","metadata":{"totalTasks":3,"completedTasks":2,"inProgressTasks":1,"overdueTasks":0,"totalProjects":4,"activeProjects":1,"completedProjects":3,"totalUsers":2,"activeUsers":7}}
{"timestamp":"2025-09-27T01:07:09.081Z","level":"INFO","message":"Dashboard data retrieved successfully","metadata":{"userId":"55735b0c-bee4-4aec-9607-4a3d4a5d7250","userRole":"admin","statsDays":30,"recentTasksCount":3,"recentActivitiesCount":7,"projectsCount":4,"includedSections":["stats","recentTasks","recentActivities","projects"]}}
{"timestamp":"2025-09-27T01:09:04.375Z","level":"INFO","message":"Admin statistics retrieved successfully","metadata":{"totalTasks":3,"completedTasks":2,"inProgressTasks":1,"overdueTasks":0,"totalProjects":4,"activeProjects":1,"completedProjects":3,"totalUsers":2,"activeUsers":7}}
{"timestamp":"2025-09-27T01:09:05.453Z","level":"INFO","message":"Dashboard data retrieved successfully","metadata":{"userId":"55735b0c-bee4-4aec-9607-4a3d4a5d7250","userRole":"admin","statsDays":30,"recentTasksCount":3,"recentActivitiesCount":7,"projectsCount":4,"includedSections":["stats","recentTasks","recentActivities","projects"]}}
{"timestamp":"2025-09-27T01:09:37.426Z","level":"INFO","message":"Admin statistics retrieved successfully","metadata":{"totalTasks":3,"completedTasks":2,"inProgressTasks":1,"overdueTasks":0,"totalProjects":4,"activeProjects":1,"completedProjects":3,"totalUsers":2,"activeUsers":7}}
{"timestamp":"2025-09-27T01:09:37.650Z","level":"INFO","message":"Dashboard data retrieved successfully","metadata":{"userId":"55735b0c-bee4-4aec-9607-4a3d4a5d7250","userRole":"admin","statsDays":30,"recentTasksCount":3,"recentActivitiesCount":7,"projectsCount":4,"includedSections":["stats","recentTasks","recentActivities","projects"]}}
{"timestamp":"2025-09-27T01:11:15.639Z","level":"INFO","message":"Admin statistics retrieved successfully","metadata":{"totalTasks":3,"completedTasks":3,"inProgressTasks":0,"overdueTasks":0,"totalProjects":4,"activeProjects":1,"completedProjects":3,"totalUsers":2,"activeUsers":8}}
{"timestamp":"2025-09-27T01:11:15.719Z","level":"INFO","message":"Dashboard data retrieved successfully","metadata":{"userId":"55735b0c-bee4-4aec-9607-4a3d4a5d7250","userRole":"admin","statsDays":30,"recentTasksCount":3,"recentActivitiesCount":8,"projectsCount":4,"includedSections":["stats","recentTasks","recentActivities","projects"]}}
{"timestamp":"2025-09-27T01:11:23.084Z","level":"INFO","message":"User project data retrieved successfully","metadata":{"userId":"701777cd-9631-49f4-b307-ba80caee42ad","totalProjects":2,"activeProjects":1,"completedProjects":1}}
{"timestamp":"2025-09-27T01:11:23.176Z","level":"INFO","message":"User project data retrieved successfully","metadata":{"userId":"701777cd-9631-49f4-b307-ba80caee42ad","totalProjects":2,"activeProjects":1,"completedProjects":1}}
{"timestamp":"2025-09-27T01:11:23.217Z","level":"INFO","message":"User statistics retrieved successfully","metadata":{"userId":"701777cd-9631-49f4-b307-ba80caee42ad","totalTasks":2,"completedTasks":2,"inProgressTasks":0,"overdueTasks":0,"totalProjects":2,"activeProjects":1,"completedProjects":1}}
{"timestamp":"2025-09-27T01:11:23.377Z","level":"INFO","message":"Dashboard data retrieved successfully","metadata":{"userId":"701777cd-9631-49f4-b307-ba80caee42ad","userRole":"user","statsDays":30,"recentTasksCount":2,"recentActivitiesCount":1,"projectsCount":2,"includedSections":["stats","recentTasks","recentActivities","projects"]}}
{"timestamp":"2025-09-27T01:11:33.502Z","level":"INFO","message":"User project data retrieved successfully","metadata":{"userId":"701777cd-9631-49f4-b307-ba80caee42ad","totalProjects":2,"activeProjects":1,"completedProjects":1}}
{"timestamp":"2025-09-27T01:11:33.603Z","level":"INFO","message":"User project data retrieved successfully","metadata":{"userId":"701777cd-9631-49f4-b307-ba80caee42ad","totalProjects":2,"activeProjects":1,"completedProjects":1}}
{"timestamp":"2025-09-27T01:11:33.643Z","level":"INFO","message":"User statistics retrieved successfully","metadata":{"userId":"701777cd-9631-49f4-b307-ba80caee42ad","totalTasks":2,"completedTasks":2,"inProgressTasks":0,"overdueTasks":0,"totalProjects":2,"activeProjects":1,"completedProjects":1}}
{"timestamp":"2025-09-27T01:11:33.785Z","level":"INFO","message":"Dashboard data retrieved successfully","metadata":{"userId":"701777cd-9631-49f4-b307-ba80caee42ad","userRole":"user","statsDays":30,"recentTasksCount":2,"recentActivitiesCount":1,"projectsCount":2,"includedSections":["stats","recentTasks","recentActivities","projects"]}}
{"timestamp":"2025-09-27T01:11:51.795Z","level":"INFO","message":"Admin statistics retrieved successfully","metadata":{"totalTasks":3,"completedTasks":3,"inProgressTasks":0,"overdueTasks":0,"totalProjects":4,"activeProjects":1,"completedProjects":3,"totalUsers":2,"activeUsers":8}}
{"timestamp":"2025-09-27T01:11:51.907Z","level":"INFO","message":"Dashboard data retrieved successfully","metadata":{"userId":"55735b0c-bee4-4aec-9607-4a3d4a5d7250","userRole":"admin","statsDays":30,"recentTasksCount":3,"recentActivitiesCount":8,"projectsCount":4,"includedSections":["stats","recentTasks","recentActivities","projects"]}}
{"timestamp":"2025-09-27T01:12:05.795Z","level":"INFO","message":"User project data retrieved successfully","metadata":{"userId":"701777cd-9631-49f4-b307-ba80caee42ad","totalProjects":2,"activeProjects":1,"completedProjects":1}}
{"timestamp":"2025-09-27T01:12:05.873Z","level":"INFO","message":"User project data retrieved successfully","metadata":{"userId":"701777cd-9631-49f4-b307-ba80caee42ad","totalProjects":2,"activeProjects":1,"completedProjects":1}}
{"timestamp":"2025-09-27T01:12:05.990Z","level":"INFO","message":"User statistics retrieved successfully","metadata":{"userId":"701777cd-9631-49f4-b307-ba80caee42ad","totalTasks":2,"completedTasks":2,"inProgressTasks":0,"overdueTasks":0,"totalProjects":2,"activeProjects":1,"completedProjects":1}}
{"timestamp":"2025-09-27T01:12:06.072Z","level":"INFO","message":"Dashboard data retrieved successfully","metadata":{"userId":"701777cd-9631-49f4-b307-ba80caee42ad","userRole":"user","statsDays":30,"recentTasksCount":2,"recentActivitiesCount":1,"projectsCount":2,"includedSections":["stats","recentTasks","recentActivities","projects"]}}
{"timestamp":"2025-09-27T01:12:23.842Z","level":"INFO","message":"Admin statistics retrieved successfully","metadata":{"totalTasks":3,"completedTasks":3,"inProgressTasks":0,"overdueTasks":0,"totalProjects":4,"activeProjects":1,"completedProjects":3,"totalUsers":2,"activeUsers":8}}
{"timestamp":"2025-09-27T01:12:23.947Z","level":"INFO","message":"Dashboard data retrieved successfully","metadata":{"userId":"55735b0c-bee4-4aec-9607-4a3d4a5d7250","userRole":"admin","statsDays":30,"recentTasksCount":3,"recentActivitiesCount":8,"projectsCount":4,"includedSections":["stats","recentTasks","recentActivities","projects"]}}
{"timestamp":"2025-09-27T01:12:37.848Z","level":"INFO","message":"User project data retrieved successfully","metadata":{"userId":"701777cd-9631-49f4-b307-ba80caee42ad","totalProjects":2,"activeProjects":1,"completedProjects":1}}
{"timestamp":"2025-09-27T01:12:37.961Z","level":"INFO","message":"User statistics retrieved successfully","metadata":{"userId":"701777cd-9631-49f4-b307-ba80caee42ad","totalTasks":2,"completedTasks":2,"inProgressTasks":0,"overdueTasks":0,"totalProjects":2,"activeProjects":1,"completedProjects":1}}
{"timestamp":"2025-09-27T01:12:38.038Z","level":"INFO","message":"User project data retrieved successfully","metadata":{"userId":"701777cd-9631-49f4-b307-ba80caee42ad","totalProjects":2,"activeProjects":1,"completedProjects":1}}
{"timestamp":"2025-09-27T01:12:38.204Z","level":"INFO","message":"Dashboard data retrieved successfully","metadata":{"userId":"701777cd-9631-49f4-b307-ba80caee42ad","userRole":"user","statsDays":30,"recentTasksCount":2,"recentActivitiesCount":1,"projectsCount":2,"includedSections":["stats","recentTasks","recentActivities","projects"]}}
{"timestamp":"2025-09-27T01:12:55.647Z","level":"INFO","message":"Admin statistics retrieved successfully","metadata":{"totalTasks":3,"completedTasks":3,"inProgressTasks":0,"overdueTasks":0,"totalProjects":4,"activeProjects":1,"completedProjects":3,"totalUsers":2,"activeUsers":8}}
{"timestamp":"2025-09-27T01:12:55.751Z","level":"INFO","message":"Dashboard data retrieved successfully","metadata":{"userId":"55735b0c-bee4-4aec-9607-4a3d4a5d7250","userRole":"admin","statsDays":30,"recentTasksCount":3,"recentActivitiesCount":8,"projectsCount":4,"includedSections":["stats","recentTasks","recentActivities","projects"]}}
{"timestamp":"2025-09-27T01:13:10.793Z","level":"INFO","message":"User project data retrieved successfully","metadata":{"userId":"701777cd-9631-49f4-b307-ba80caee42ad","totalProjects":2,"activeProjects":1,"completedProjects":1}}
{"timestamp":"2025-09-27T01:13:10.816Z","level":"INFO","message":"User project data retrieved successfully","metadata":{"userId":"701777cd-9631-49f4-b307-ba80caee42ad","totalProjects":2,"activeProjects":1,"completedProjects":1}}
{"timestamp":"2025-09-27T01:13:10.937Z","level":"INFO","message":"User statistics retrieved successfully","metadata":{"userId":"701777cd-9631-49f4-b307-ba80caee42ad","totalTasks":2,"completedTasks":2,"inProgressTasks":0,"overdueTasks":0,"totalProjects":2,"activeProjects":1,"completedProjects":1}}
{"timestamp":"2025-09-27T01:13:11.050Z","level":"INFO","message":"Dashboard data retrieved successfully","metadata":{"userId":"701777cd-9631-49f4-b307-ba80caee42ad","userRole":"user","statsDays":30,"recentTasksCount":2,"recentActivitiesCount":1,"projectsCount":2,"includedSections":["stats","recentTasks","recentActivities","projects"]}}
{"timestamp":"2025-09-27T01:13:27.798Z","level":"INFO","message":"Admin statistics retrieved successfully","metadata":{"totalTasks":3,"completedTasks":3,"inProgressTasks":0,"overdueTasks":0,"totalProjects":4,"activeProjects":1,"completedProjects":3,"totalUsers":2,"activeUsers":8}}
{"timestamp":"2025-09-27T01:13:27.969Z","level":"INFO","message":"Dashboard data retrieved successfully","metadata":{"userId":"55735b0c-bee4-4aec-9607-4a3d4a5d7250","userRole":"admin","statsDays":30,"recentTasksCount":3,"recentActivitiesCount":8,"projectsCount":4,"includedSections":["stats","recentTasks","recentActivities","projects"]}}
{"timestamp":"2025-09-27T01:13:42.800Z","level":"INFO","message":"User project data retrieved successfully","metadata":{"userId":"701777cd-9631-49f4-b307-ba80caee42ad","totalProjects":2,"activeProjects":1,"completedProjects":1}}
{"timestamp":"2025-09-27T01:13:42.905Z","level":"INFO","message":"User statistics retrieved successfully","metadata":{"userId":"701777cd-9631-49f4-b307-ba80caee42ad","totalTasks":2,"completedTasks":2,"inProgressTasks":0,"overdueTasks":0,"totalProjects":2,"activeProjects":1,"completedProjects":1}}
{"timestamp":"2025-09-27T01:13:42.983Z","level":"INFO","message":"User project data retrieved successfully","metadata":{"userId":"701777cd-9631-49f4-b307-ba80caee42ad","totalProjects":2,"activeProjects":1,"completedProjects":1}}
{"timestamp":"2025-09-27T01:13:43.096Z","level":"INFO","message":"Dashboard data retrieved successfully","metadata":{"userId":"701777cd-9631-49f4-b307-ba80caee42ad","userRole":"user","statsDays":30,"recentTasksCount":2,"recentActivitiesCount":1,"projectsCount":2,"includedSections":["stats","recentTasks","recentActivities","projects"]}}
{"timestamp":"2025-09-27T01:13:59.619Z","level":"INFO","message":"Admin statistics retrieved successfully","metadata":{"totalTasks":3,"completedTasks":3,"inProgressTasks":0,"overdueTasks":0,"totalProjects":4,"activeProjects":1,"completedProjects":3,"totalUsers":2,"activeUsers":8}}
{"timestamp":"2025-09-27T01:13:59.640Z","level":"INFO","message":"Dashboard data retrieved successfully","metadata":{"userId":"55735b0c-bee4-4aec-9607-4a3d4a5d7250","userRole":"admin","statsDays":30,"recentTasksCount":3,"recentActivitiesCount":8,"projectsCount":4,"includedSections":["stats","recentTasks","recentActivities","projects"]}}
{"timestamp":"2025-09-27T01:14:07.064Z","level":"INFO","message":"Admin statistics retrieved successfully","metadata":{"totalTasks":3,"completedTasks":3,"inProgressTasks":0,"overdueTasks":0,"totalProjects":4,"activeProjects":1,"completedProjects":3,"totalUsers":2,"activeUsers":8}}
{"timestamp":"2025-09-27T01:14:07.078Z","level":"INFO","message":"Dashboard data retrieved successfully","metadata":{"userId":"55735b0c-bee4-4aec-9607-4a3d4a5d7250","userRole":"admin","statsDays":30,"recentTasksCount":3,"recentActivitiesCount":8,"projectsCount":4,"includedSections":["stats","recentTasks","recentActivities","projects"]}}
{"timestamp":"2025-09-27T01:14:13.548Z","level":"INFO","message":"User project data retrieved successfully","metadata":{"userId":"701777cd-9631-49f4-b307-ba80caee42ad","totalProjects":2,"activeProjects":1,"completedProjects":1}}
{"timestamp":"2025-09-27T01:14:13.561Z","level":"INFO","message":"User project data retrieved successfully","metadata":{"userId":"701777cd-9631-49f4-b307-ba80caee42ad","totalProjects":2,"activeProjects":1,"completedProjects":1}}
{"timestamp":"2025-09-27T01:14:13.660Z","level":"INFO","message":"User statistics retrieved successfully","metadata":{"userId":"701777cd-9631-49f4-b307-ba80caee42ad","totalTasks":2,"completedTasks":2,"inProgressTasks":0,"overdueTasks":0,"totalProjects":2,"activeProjects":1,"completedProjects":1}}
{"timestamp":"2025-09-27T01:14:13.671Z","level":"INFO","message":"Dashboard data retrieved successfully","metadata":{"userId":"701777cd-9631-49f4-b307-ba80caee42ad","userRole":"user","statsDays":30,"recentTasksCount":2,"recentActivitiesCount":1,"projectsCount":2,"includedSections":["stats","recentTasks","recentActivities","projects"]}}
{"timestamp":"2025-09-27T01:14:30.754Z","level":"INFO","message":"Admin statistics retrieved successfully","metadata":{"totalTasks":3,"completedTasks":3,"inProgressTasks":0,"overdueTasks":0,"totalProjects":4,"activeProjects":1,"completedProjects":3,"totalUsers":2,"activeUsers":8}}
{"timestamp":"2025-09-27T01:14:30.866Z","level":"INFO","message":"Dashboard data retrieved successfully","metadata":{"userId":"55735b0c-bee4-4aec-9607-4a3d4a5d7250","userRole":"admin","statsDays":30,"recentTasksCount":3,"recentActivitiesCount":8,"projectsCount":4,"includedSections":["stats","recentTasks","recentActivities","projects"]}}
{"timestamp":"2025-09-27T01:14:47.956Z","level":"INFO","message":"User project data retrieved successfully","metadata":{"userId":"701777cd-9631-49f4-b307-ba80caee42ad","totalProjects":2,"activeProjects":1,"completedProjects":1}}
{"timestamp":"2025-09-27T01:14:47.964Z","level":"INFO","message":"User project data retrieved successfully","metadata":{"userId":"701777cd-9631-49f4-b307-ba80caee42ad","totalProjects":2,"activeProjects":1,"completedProjects":1}}
{"timestamp":"2025-09-27T01:14:48.073Z","level":"INFO","message":"User statistics retrieved successfully","metadata":{"userId":"701777cd-9631-49f4-b307-ba80caee42ad","totalTasks":2,"completedTasks":2,"inProgressTasks":0,"overdueTasks":0,"totalProjects":2,"activeProjects":1,"completedProjects":1}}
{"timestamp":"2025-09-27T01:14:48.179Z","level":"INFO","message":"Dashboard data retrieved successfully","metadata":{"userId":"701777cd-9631-49f4-b307-ba80caee42ad","userRole":"user","statsDays":30,"recentTasksCount":2,"recentActivitiesCount":1,"projectsCount":2,"includedSections":["stats","recentTasks","recentActivities","projects"]}}
{"timestamp":"2025-09-27T01:15:02.793Z","level":"INFO","message":"Admin statistics retrieved successfully","metadata":{"totalTasks":3,"completedTasks":3,"inProgressTasks":0,"overdueTasks":0,"totalProjects":4,"activeProjects":1,"completedProjects":3,"totalUsers":2,"activeUsers":8}}
{"timestamp":"2025-09-27T01:15:02.803Z","level":"INFO","message":"Dashboard data retrieved successfully","metadata":{"userId":"55735b0c-bee4-4aec-9607-4a3d4a5d7250","userRole":"admin","statsDays":30,"recentTasksCount":3,"recentActivitiesCount":8,"projectsCount":4,"includedSections":["stats","recentTasks","recentActivities","projects"]}}
{"timestamp":"2025-09-27T01:15:34.764Z","level":"INFO","message":"Admin statistics retrieved successfully","metadata":{"totalTasks":3,"completedTasks":3,"inProgressTasks":0,"overdueTasks":0,"totalProjects":4,"activeProjects":1,"completedProjects":3,"totalUsers":2,"activeUsers":8}}
{"timestamp":"2025-09-27T01:15:34.797Z","level":"INFO","message":"Dashboard data retrieved successfully","metadata":{"userId":"55735b0c-bee4-4aec-9607-4a3d4a5d7250","userRole":"admin","statsDays":30,"recentTasksCount":3,"recentActivitiesCount":8,"projectsCount":4,"includedSections":["stats","recentTasks","recentActivities","projects"]}}
{"timestamp":"2025-09-27T01:16:06.659Z","level":"INFO","message":"Admin statistics retrieved successfully","metadata":{"totalTasks":3,"completedTasks":3,"inProgressTasks":0,"overdueTasks":0,"totalProjects":4,"activeProjects":1,"completedProjects":3,"totalUsers":2,"activeUsers":8}}
{"timestamp":"2025-09-27T01:16:06.668Z","level":"INFO","message":"Dashboard data retrieved successfully","metadata":{"userId":"55735b0c-bee4-4aec-9607-4a3d4a5d7250","userRole":"admin","statsDays":30,"recentTasksCount":3,"recentActivitiesCount":8,"projectsCount":4,"includedSections":["stats","recentTasks","recentActivities","projects"]}}
{"timestamp":"2025-09-27T01:16:37.795Z","level":"INFO","message":"Admin statistics retrieved successfully","metadata":{"totalTasks":3,"completedTasks":3,"inProgressTasks":0,"overdueTasks":0,"totalProjects":4,"activeProjects":1,"completedProjects":3,"totalUsers":2,"activeUsers":8}}
{"timestamp":"2025-09-27T01:16:38.036Z","level":"INFO","message":"Dashboard data retrieved successfully","metadata":{"userId":"55735b0c-bee4-4aec-9607-4a3d4a5d7250","userRole":"admin","statsDays":30,"recentTasksCount":3,"recentActivitiesCount":8,"projectsCount":4,"includedSections":["stats","recentTasks","recentActivities","projects"]}}
{"timestamp":"2025-09-27T01:17:09.675Z","level":"INFO","message":"Admin statistics retrieved successfully","metadata":{"totalTasks":3,"completedTasks":3,"inProgressTasks":0,"overdueTasks":0,"totalProjects":4,"activeProjects":1,"completedProjects":3,"totalUsers":2,"activeUsers":8}}
{"timestamp":"2025-09-27T01:17:09.728Z","level":"INFO","message":"Dashboard data retrieved successfully","metadata":{"userId":"55735b0c-bee4-4aec-9607-4a3d4a5d7250","userRole":"admin","statsDays":30,"recentTasksCount":3,"recentActivitiesCount":8,"projectsCount":4,"includedSections":["stats","recentTasks","recentActivities","projects"]}}
{"timestamp":"2025-09-27T01:17:40.649Z","level":"INFO","message":"Admin statistics retrieved successfully","metadata":{"totalTasks":3,"completedTasks":3,"inProgressTasks":0,"overdueTasks":0,"totalProjects":4,"activeProjects":1,"completedProjects":3,"totalUsers":2,"activeUsers":8}}
{"timestamp":"2025-09-27T01:17:40.690Z","level":"INFO","message":"Dashboard data retrieved successfully","metadata":{"userId":"55735b0c-bee4-4aec-9607-4a3d4a5d7250","userRole":"admin","statsDays":30,"recentTasksCount":3,"recentActivitiesCount":8,"projectsCount":4,"includedSections":["stats","recentTasks","recentActivities","projects"]}}
{"timestamp":"2025-09-27T01:18:11.724Z","level":"INFO","message":"Admin statistics retrieved successfully","metadata":{"totalTasks":3,"completedTasks":3,"inProgressTasks":0,"overdueTasks":0,"totalProjects":4,"activeProjects":1,"completedProjects":3,"totalUsers":2,"activeUsers":8}}
{"timestamp":"2025-09-27T01:18:11.764Z","level":"INFO","message":"Dashboard data retrieved successfully","metadata":{"userId":"55735b0c-bee4-4aec-9607-4a3d4a5d7250","userRole":"admin","statsDays":30,"recentTasksCount":3,"recentActivitiesCount":8,"projectsCount":4,"includedSections":["stats","recentTasks","recentActivities","projects"]}}
{"timestamp":"2025-09-27T01:18:45.412Z","level":"INFO","message":"Admin statistics retrieved successfully","metadata":{"totalTasks":3,"completedTasks":3,"inProgressTasks":0,"overdueTasks":0,"totalProjects":4,"activeProjects":1,"completedProjects":3,"totalUsers":2,"activeUsers":8}}
{"timestamp":"2025-09-27T01:18:45.500Z","level":"INFO","message":"Dashboard data retrieved successfully","metadata":{"userId":"55735b0c-bee4-4aec-9607-4a3d4a5d7250","userRole":"admin","statsDays":30,"recentTasksCount":3,"recentActivitiesCount":8,"projectsCount":4,"includedSections":["stats","recentTasks","recentActivities","projects"]}}
{"timestamp":"2025-09-27T01:19:17.162Z","level":"INFO","message":"Admin statistics retrieved successfully","metadata":{"totalTasks":3,"completedTasks":3,"inProgressTasks":0,"overdueTasks":0,"totalProjects":4,"activeProjects":1,"completedProjects":3,"totalUsers":2,"activeUsers":8}}
{"timestamp":"2025-09-27T01:19:17.639Z","level":"INFO","message":"Dashboard data retrieved successfully","metadata":{"userId":"55735b0c-bee4-4aec-9607-4a3d4a5d7250","userRole":"admin","statsDays":30,"recentTasksCount":3,"recentActivitiesCount":8,"projectsCount":4,"includedSections":["stats","recentTasks","recentActivities","projects"]}}
{"timestamp":"2025-09-27T01:20:27.715Z","level":"INFO","message":"Admin statistics retrieved successfully","metadata":{"totalTasks":3,"completedTasks":3,"inProgressTasks":0,"overdueTasks":0,"totalProjects":4,"activeProjects":1,"completedProjects":3,"totalUsers":2,"activeUsers":8}}
{"timestamp":"2025-09-27T01:20:27.953Z","level":"INFO","message":"Dashboard data retrieved successfully","metadata":{"userId":"55735b0c-bee4-4aec-9607-4a3d4a5d7250","userRole":"admin","statsDays":30,"recentTasksCount":3,"recentActivitiesCount":8,"projectsCount":4,"includedSections":["stats","recentTasks","recentActivities","projects"]}}
{"timestamp":"2025-09-27T01:20:59.924Z","level":"INFO","message":"Admin statistics retrieved successfully","metadata":{"totalTasks":3,"completedTasks":3,"inProgressTasks":0,"overdueTasks":0,"totalProjects":4,"activeProjects":1,"completedProjects":3,"totalUsers":2,"activeUsers":8}}
{"timestamp":"2025-09-27T01:21:00.147Z","level":"INFO","message":"Dashboard data retrieved successfully","metadata":{"userId":"55735b0c-bee4-4aec-9607-4a3d4a5d7250","userRole":"admin","statsDays":30,"recentTasksCount":3,"recentActivitiesCount":8,"projectsCount":4,"includedSections":["stats","recentTasks","recentActivities","projects"]}}
{"timestamp":"2025-09-27T01:21:31.968Z","level":"INFO","message":"Admin statistics retrieved successfully","metadata":{"totalTasks":3,"completedTasks":3,"inProgressTasks":0,"overdueTasks":0,"totalProjects":4,"activeProjects":1,"completedProjects":3,"totalUsers":2,"activeUsers":8}}
{"timestamp":"2025-09-27T01:21:32.202Z","level":"INFO","message":"Dashboard data retrieved successfully","metadata":{"userId":"55735b0c-bee4-4aec-9607-4a3d4a5d7250","userRole":"admin","statsDays":30,"recentTasksCount":3,"recentActivitiesCount":8,"projectsCount":4,"includedSections":["stats","recentTasks","recentActivities","projects"]}}
{"timestamp":"2025-09-27T01:21:52.138Z","level":"INFO","message":"User project data retrieved successfully","metadata":{"userId":"701777cd-9631-49f4-b307-ba80caee42ad","totalProjects":2,"activeProjects":1,"completedProjects":1}}
{"timestamp":"2025-09-27T01:21:52.155Z","level":"INFO","message":"User project data retrieved successfully","metadata":{"userId":"701777cd-9631-49f4-b307-ba80caee42ad","totalProjects":2,"activeProjects":1,"completedProjects":1}}
{"timestamp":"2025-09-27T01:21:52.273Z","level":"INFO","message":"User statistics retrieved successfully","metadata":{"userId":"701777cd-9631-49f4-b307-ba80caee42ad","totalTasks":2,"completedTasks":2,"inProgressTasks":0,"overdueTasks":0,"totalProjects":2,"activeProjects":1,"completedProjects":1}}
{"timestamp":"2025-09-27T01:21:52.843Z","level":"INFO","message":"Dashboard data retrieved successfully","metadata":{"userId":"701777cd-9631-49f4-b307-ba80caee42ad","userRole":"user","statsDays":30,"recentTasksCount":2,"recentActivitiesCount":1,"projectsCount":2,"includedSections":["stats","recentTasks","recentActivities","projects"]}}
{"timestamp":"2025-09-27T01:22:03.135Z","level":"INFO","message":"Admin statistics retrieved successfully","metadata":{"totalTasks":3,"completedTasks":3,"inProgressTasks":0,"overdueTasks":0,"totalProjects":4,"activeProjects":1,"completedProjects":3,"totalUsers":2,"activeUsers":8}}
{"timestamp":"2025-09-27T01:22:03.217Z","level":"INFO","message":"Dashboard data retrieved successfully","metadata":{"userId":"55735b0c-bee4-4aec-9607-4a3d4a5d7250","userRole":"admin","statsDays":30,"recentTasksCount":3,"recentActivitiesCount":8,"projectsCount":4,"includedSections":["stats","recentTasks","recentActivities","projects"]}}
{"timestamp":"2025-09-27T01:22:25.006Z","level":"INFO","message":"User project data retrieved successfully","metadata":{"userId":"701777cd-9631-49f4-b307-ba80caee42ad","totalProjects":2,"activeProjects":1,"completedProjects":1}}
{"timestamp":"2025-09-27T01:22:25.096Z","level":"INFO","message":"User project data retrieved successfully","metadata":{"userId":"701777cd-9631-49f4-b307-ba80caee42ad","totalProjects":2,"activeProjects":1,"completedProjects":1}}
{"timestamp":"2025-09-27T01:22:25.204Z","level":"INFO","message":"User statistics retrieved successfully","metadata":{"userId":"701777cd-9631-49f4-b307-ba80caee42ad","totalTasks":2,"completedTasks":2,"inProgressTasks":0,"overdueTasks":0,"totalProjects":2,"activeProjects":1,"completedProjects":1}}
{"timestamp":"2025-09-27T01:22:25.283Z","level":"INFO","message":"Dashboard data retrieved successfully","metadata":{"userId":"701777cd-9631-49f4-b307-ba80caee42ad","userRole":"user","statsDays":30,"recentTasksCount":2,"recentActivitiesCount":1,"projectsCount":2,"includedSections":["stats","recentTasks","recentActivities","projects"]}}
{"timestamp":"2025-09-27T01:22:34.230Z","level":"INFO","message":"Admin statistics retrieved successfully","metadata":{"totalTasks":3,"completedTasks":3,"inProgressTasks":0,"overdueTasks":0,"totalProjects":4,"activeProjects":1,"completedProjects":3,"totalUsers":2,"activeUsers":8}}
{"timestamp":"2025-09-27T01:22:34.381Z","level":"INFO","message":"Dashboard data retrieved successfully","metadata":{"userId":"55735b0c-bee4-4aec-9607-4a3d4a5d7250","userRole":"admin","statsDays":30,"recentTasksCount":3,"recentActivitiesCount":8,"projectsCount":4,"includedSections":["stats","recentTasks","recentActivities","projects"]}}
{"timestamp":"2025-09-27T01:22:56.992Z","level":"INFO","message":"User project data retrieved successfully","metadata":{"userId":"701777cd-9631-49f4-b307-ba80caee42ad","totalProjects":2,"activeProjects":1,"completedProjects":1}}
{"timestamp":"2025-09-27T01:22:57.093Z","level":"INFO","message":"User project data retrieved successfully","metadata":{"userId":"701777cd-9631-49f4-b307-ba80caee42ad","totalProjects":2,"activeProjects":1,"completedProjects":1}}
{"timestamp":"2025-09-27T01:22:57.194Z","level":"INFO","message":"User statistics retrieved successfully","metadata":{"userId":"701777cd-9631-49f4-b307-ba80caee42ad","totalTasks":2,"completedTasks":2,"inProgressTasks":0,"overdueTasks":0,"totalProjects":2,"activeProjects":1,"completedProjects":1}}
{"timestamp":"2025-09-27T01:22:57.315Z","level":"INFO","message":"Dashboard data retrieved successfully","metadata":{"userId":"701777cd-9631-49f4-b307-ba80caee42ad","userRole":"user","statsDays":30,"recentTasksCount":2,"recentActivitiesCount":1,"projectsCount":2,"includedSections":["stats","recentTasks","recentActivities","projects"]}}
{"timestamp":"2025-09-27T01:23:04.877Z","level":"INFO","message":"Admin statistics retrieved successfully","metadata":{"totalTasks":3,"completedTasks":3,"inProgressTasks":0,"overdueTasks":0,"totalProjects":4,"activeProjects":1,"completedProjects":3,"totalUsers":2,"activeUsers":8}}
{"timestamp":"2025-09-27T01:23:05.106Z","level":"INFO","message":"Dashboard data retrieved successfully","metadata":{"userId":"55735b0c-bee4-4aec-9607-4a3d4a5d7250","userRole":"admin","statsDays":30,"recentTasksCount":3,"recentActivitiesCount":8,"projectsCount":4,"includedSections":["stats","recentTasks","recentActivities","projects"]}}
{"timestamp":"2025-09-27T01:23:28.599Z","level":"INFO","message":"User project data retrieved successfully","metadata":{"userId":"701777cd-9631-49f4-b307-ba80caee42ad","totalProjects":2,"activeProjects":1,"completedProjects":1}}
{"timestamp":"2025-09-27T01:23:28.624Z","level":"INFO","message":"User project data retrieved successfully","metadata":{"userId":"701777cd-9631-49f4-b307-ba80caee42ad","totalProjects":2,"activeProjects":1,"completedProjects":1}}
{"timestamp":"2025-09-27T01:23:28.757Z","level":"INFO","message":"User statistics retrieved successfully","metadata":{"userId":"701777cd-9631-49f4-b307-ba80caee42ad","totalTasks":2,"completedTasks":2,"inProgressTasks":0,"overdueTasks":0,"totalProjects":2,"activeProjects":1,"completedProjects":1}}
{"timestamp":"2025-09-27T01:23:28.910Z","level":"INFO","message":"Dashboard data retrieved successfully","metadata":{"userId":"701777cd-9631-49f4-b307-ba80caee42ad","userRole":"user","statsDays":30,"recentTasksCount":2,"recentActivitiesCount":1,"projectsCount":2,"includedSections":["stats","recentTasks","recentActivities","projects"]}}
{"timestamp":"2025-09-27T01:24:01.290Z","level":"INFO","message":"User project data retrieved successfully","metadata":{"userId":"701777cd-9631-49f4-b307-ba80caee42ad","totalProjects":2,"activeProjects":1,"completedProjects":1}}
{"timestamp":"2025-09-27T01:24:01.384Z","level":"INFO","message":"User project data retrieved successfully","metadata":{"userId":"701777cd-9631-49f4-b307-ba80caee42ad","totalProjects":2,"activeProjects":1,"completedProjects":1}}
{"timestamp":"2025-09-27T01:24:01.566Z","level":"INFO","message":"User statistics retrieved successfully","metadata":{"userId":"701777cd-9631-49f4-b307-ba80caee42ad","totalTasks":2,"completedTasks":2,"inProgressTasks":0,"overdueTasks":0,"totalProjects":2,"activeProjects":1,"completedProjects":1}}
{"timestamp":"2025-09-27T01:24:02.001Z","level":"INFO","message":"Dashboard data retrieved successfully","metadata":{"userId":"701777cd-9631-49f4-b307-ba80caee42ad","userRole":"user","statsDays":30,"recentTasksCount":2,"recentActivitiesCount":1,"projectsCount":2,"includedSections":["stats","recentTasks","recentActivities","projects"]}}
{"timestamp":"2025-09-27T01:24:34.451Z","level":"INFO","message":"User project data retrieved successfully","metadata":{"userId":"701777cd-9631-49f4-b307-ba80caee42ad","totalProjects":2,"activeProjects":1,"completedProjects":1}}
{"timestamp":"2025-09-27T01:24:34.559Z","level":"INFO","message":"User project data retrieved successfully","metadata":{"userId":"701777cd-9631-49f4-b307-ba80caee42ad","totalProjects":2,"activeProjects":1,"completedProjects":1}}
{"timestamp":"2025-09-27T01:24:34.666Z","level":"INFO","message":"User statistics retrieved successfully","metadata":{"userId":"701777cd-9631-49f4-b307-ba80caee42ad","totalTasks":2,"completedTasks":2,"inProgressTasks":0,"overdueTasks":0,"totalProjects":2,"activeProjects":1,"completedProjects":1}}
{"timestamp":"2025-09-27T01:24:34.794Z","level":"INFO","message":"Dashboard data retrieved successfully","metadata":{"userId":"701777cd-9631-49f4-b307-ba80caee42ad","userRole":"user","statsDays":30,"recentTasksCount":2,"recentActivitiesCount":1,"projectsCount":2,"includedSections":["stats","recentTasks","recentActivities","projects"]}}
{"timestamp":"2025-09-27T01:25:13.412Z","level":"INFO","message":"User project data retrieved successfully","metadata":{"userId":"701777cd-9631-49f4-b307-ba80caee42ad","totalProjects":2,"activeProjects":1,"completedProjects":1}}
{"timestamp":"2025-09-27T01:25:13.523Z","level":"INFO","message":"User project data retrieved successfully","metadata":{"userId":"701777cd-9631-49f4-b307-ba80caee42ad","totalProjects":2,"activeProjects":1,"completedProjects":1}}
{"timestamp":"2025-09-27T01:25:13.621Z","level":"INFO","message":"User statistics retrieved successfully","metadata":{"userId":"701777cd-9631-49f4-b307-ba80caee42ad","totalTasks":2,"completedTasks":2,"inProgressTasks":0,"overdueTasks":0,"totalProjects":2,"activeProjects":1,"completedProjects":1}}
{"timestamp":"2025-09-27T01:25:13.695Z","level":"INFO","message":"Dashboard data retrieved successfully","metadata":{"userId":"701777cd-9631-49f4-b307-ba80caee42ad","userRole":"user","statsDays":30,"recentTasksCount":2,"recentActivitiesCount":1,"projectsCount":2,"includedSections":["stats","recentTasks","recentActivities","projects"]}}
{"timestamp":"2025-09-27T01:25:45.134Z","level":"INFO","message":"User project data retrieved successfully","metadata":{"userId":"701777cd-9631-49f4-b307-ba80caee42ad","totalProjects":2,"activeProjects":1,"completedProjects":1}}
{"timestamp":"2025-09-27T01:25:45.235Z","level":"INFO","message":"User project data retrieved successfully","metadata":{"userId":"701777cd-9631-49f4-b307-ba80caee42ad","totalProjects":2,"activeProjects":1,"completedProjects":1}}
{"timestamp":"2025-09-27T01:25:45.328Z","level":"INFO","message":"User statistics retrieved successfully","metadata":{"userId":"701777cd-9631-49f4-b307-ba80caee42ad","totalTasks":2,"completedTasks":2,"inProgressTasks":0,"overdueTasks":0,"totalProjects":2,"activeProjects":1,"completedProjects":1}}
{"timestamp":"2025-09-27T01:25:45.451Z","level":"INFO","message":"Dashboard data retrieved successfully","metadata":{"userId":"701777cd-9631-49f4-b307-ba80caee42ad","userRole":"user","statsDays":30,"recentTasksCount":2,"recentActivitiesCount":1,"projectsCount":2,"includedSections":["stats","recentTasks","recentActivities","projects"]}}
{"timestamp":"2025-09-27T01:26:21.894Z","level":"INFO","message":"User project data retrieved successfully","metadata":{"userId":"701777cd-9631-49f4-b307-ba80caee42ad","totalProjects":2,"activeProjects":1,"completedProjects":1}}
{"timestamp":"2025-09-27T01:26:22.060Z","level":"INFO","message":"User project data retrieved successfully","metadata":{"userId":"701777cd-9631-49f4-b307-ba80caee42ad","totalProjects":2,"activeProjects":1,"completedProjects":1}}
{"timestamp":"2025-09-27T01:26:22.254Z","level":"INFO","message":"User statistics retrieved successfully","metadata":{"userId":"701777cd-9631-49f4-b307-ba80caee42ad","totalTasks":2,"completedTasks":2,"inProgressTasks":0,"overdueTasks":0,"totalProjects":2,"activeProjects":1,"completedProjects":1}}
{"timestamp":"2025-09-27T01:26:22.377Z","level":"INFO","message":"Dashboard data retrieved successfully","metadata":{"userId":"701777cd-9631-49f4-b307-ba80caee42ad","userRole":"user","statsDays":30,"recentTasksCount":2,"recentActivitiesCount":1,"projectsCount":2,"includedSections":["stats","recentTasks","recentActivities","projects"]}}
{"timestamp":"2025-09-27T01:27:02.197Z","level":"INFO","message":"User project data retrieved successfully","metadata":{"userId":"701777cd-9631-49f4-b307-ba80caee42ad","totalProjects":2,"activeProjects":1,"completedProjects":1}}
{"timestamp":"2025-09-27T01:27:03.045Z","level":"INFO","message":"User project data retrieved successfully","metadata":{"userId":"701777cd-9631-49f4-b307-ba80caee42ad","totalProjects":2,"activeProjects":1,"completedProjects":1}}
{"timestamp":"2025-09-27T01:27:03.390Z","level":"INFO","message":"User statistics retrieved successfully","metadata":{"userId":"701777cd-9631-49f4-b307-ba80caee42ad","totalTasks":2,"completedTasks":2,"inProgressTasks":0,"overdueTasks":0,"totalProjects":2,"activeProjects":1,"completedProjects":1}}
{"timestamp":"2025-09-27T01:27:03.452Z","level":"INFO","message":"Dashboard data retrieved successfully","metadata":{"userId":"701777cd-9631-49f4-b307-ba80caee42ad","userRole":"user","statsDays":30,"recentTasksCount":2,"recentActivitiesCount":1,"projectsCount":2,"includedSections":["stats","recentTasks","recentActivities","projects"]}}
{"timestamp":"2025-09-27T01:27:35.060Z","level":"INFO","message":"User project data retrieved successfully","metadata":{"userId":"701777cd-9631-49f4-b307-ba80caee42ad","totalProjects":2,"activeProjects":1,"completedProjects":1}}
{"timestamp":"2025-09-27T01:27:35.136Z","level":"INFO","message":"User project data retrieved successfully","metadata":{"userId":"701777cd-9631-49f4-b307-ba80caee42ad","totalProjects":2,"activeProjects":1,"completedProjects":1}}
{"timestamp":"2025-09-27T01:27:35.252Z","level":"INFO","message":"User statistics retrieved successfully","metadata":{"userId":"701777cd-9631-49f4-b307-ba80caee42ad","totalTasks":2,"completedTasks":2,"inProgressTasks":0,"overdueTasks":0,"totalProjects":2,"activeProjects":1,"completedProjects":1}}
{"timestamp":"2025-09-27T01:27:35.350Z","level":"INFO","message":"Dashboard data retrieved successfully","metadata":{"userId":"701777cd-9631-49f4-b307-ba80caee42ad","userRole":"user","statsDays":30,"recentTasksCount":2,"recentActivitiesCount":1,"projectsCount":2,"includedSections":["stats","recentTasks","recentActivities","projects"]}}
{"timestamp":"2025-09-27T01:28:08.649Z","level":"INFO","message":"User project data retrieved successfully","metadata":{"userId":"701777cd-9631-49f4-b307-ba80caee42ad","totalProjects":2,"activeProjects":1,"completedProjects":1}}
{"timestamp":"2025-09-27T01:28:08.700Z","level":"INFO","message":"User project data retrieved successfully","metadata":{"userId":"701777cd-9631-49f4-b307-ba80caee42ad","totalProjects":2,"activeProjects":1,"completedProjects":1}}
{"timestamp":"2025-09-27T01:28:08.820Z","level":"INFO","message":"User statistics retrieved successfully","metadata":{"userId":"701777cd-9631-49f4-b307-ba80caee42ad","totalTasks":2,"completedTasks":2,"inProgressTasks":0,"overdueTasks":0,"totalProjects":2,"activeProjects":1,"completedProjects":1}}
{"timestamp":"2025-09-27T01:28:08.963Z","level":"INFO","message":"Dashboard data retrieved successfully","metadata":{"userId":"701777cd-9631-49f4-b307-ba80caee42ad","userRole":"user","statsDays":30,"recentTasksCount":2,"recentActivitiesCount":1,"projectsCount":2,"includedSections":["stats","recentTasks","recentActivities","projects"]}}
{"timestamp":"2025-09-27T01:28:40.965Z","level":"INFO","message":"User project data retrieved successfully","metadata":{"userId":"701777cd-9631-49f4-b307-ba80caee42ad","totalProjects":2,"activeProjects":1,"completedProjects":1}}
{"timestamp":"2025-09-27T01:28:41.060Z","level":"INFO","message":"User project data retrieved successfully","metadata":{"userId":"701777cd-9631-49f4-b307-ba80caee42ad","totalProjects":2,"activeProjects":1,"completedProjects":1}}
{"timestamp":"2025-09-27T01:28:41.166Z","level":"INFO","message":"User statistics retrieved successfully","metadata":{"userId":"701777cd-9631-49f4-b307-ba80caee42ad","totalTasks":2,"completedTasks":2,"inProgressTasks":0,"overdueTasks":0,"totalProjects":2,"activeProjects":1,"completedProjects":1}}
{"timestamp":"2025-09-27T01:28:41.225Z","level":"INFO","message":"Dashboard data retrieved successfully","metadata":{"userId":"701777cd-9631-49f4-b307-ba80caee42ad","userRole":"user","statsDays":30,"recentTasksCount":2,"recentActivitiesCount":1,"projectsCount":2,"includedSections":["stats","recentTasks","recentActivities","projects"]}}
{"timestamp":"2025-09-27T01:29:12.982Z","level":"INFO","message":"User project data retrieved successfully","metadata":{"userId":"701777cd-9631-49f4-b307-ba80caee42ad","totalProjects":2,"activeProjects":1,"completedProjects":1}}
{"timestamp":"2025-09-27T01:29:13.077Z","level":"INFO","message":"User project data retrieved successfully","metadata":{"userId":"701777cd-9631-49f4-b307-ba80caee42ad","totalProjects":2,"activeProjects":1,"completedProjects":1}}
{"timestamp":"2025-09-27T01:29:13.192Z","level":"INFO","message":"User statistics retrieved successfully","metadata":{"userId":"701777cd-9631-49f4-b307-ba80caee42ad","totalTasks":2,"completedTasks":2,"inProgressTasks":0,"overdueTasks":0,"totalProjects":2,"activeProjects":1,"completedProjects":1}}
{"timestamp":"2025-09-27T01:29:13.258Z","level":"INFO","message":"Dashboard data retrieved successfully","metadata":{"userId":"701777cd-9631-49f4-b307-ba80caee42ad","userRole":"user","statsDays":30,"recentTasksCount":2,"recentActivitiesCount":1,"projectsCount":2,"includedSections":["stats","recentTasks","recentActivities","projects"]}}
{"timestamp":"2025-09-27T01:29:47.067Z","level":"INFO","message":"User project data retrieved successfully","metadata":{"userId":"701777cd-9631-49f4-b307-ba80caee42ad","totalProjects":2,"activeProjects":1,"completedProjects":1}}
{"timestamp":"2025-09-27T01:29:47.188Z","level":"INFO","message":"User statistics retrieved successfully","metadata":{"userId":"701777cd-9631-49f4-b307-ba80caee42ad","totalTasks":2,"completedTasks":2,"inProgressTasks":0,"overdueTasks":0,"totalProjects":2,"activeProjects":1,"completedProjects":1}}
{"timestamp":"2025-09-27T01:29:47.260Z","level":"INFO","message":"User project data retrieved successfully","metadata":{"userId":"701777cd-9631-49f4-b307-ba80caee42ad","totalProjects":2,"activeProjects":1,"completedProjects":1}}
{"timestamp":"2025-09-27T01:29:47.365Z","level":"INFO","message":"Dashboard data retrieved successfully","metadata":{"userId":"701777cd-9631-49f4-b307-ba80caee42ad","userRole":"user","statsDays":30,"recentTasksCount":2,"recentActivitiesCount":1,"projectsCount":2,"includedSections":["stats","recentTasks","recentActivities","projects"]}}
{"timestamp":"2025-09-27T01:30:19.673Z","level":"INFO","message":"User project data retrieved successfully","metadata":{"userId":"701777cd-9631-49f4-b307-ba80caee42ad","totalProjects":2,"activeProjects":1,"completedProjects":1}}
{"timestamp":"2025-09-27T01:30:19.778Z","level":"INFO","message":"User project data retrieved successfully","metadata":{"userId":"701777cd-9631-49f4-b307-ba80caee42ad","totalProjects":2,"activeProjects":1,"completedProjects":1}}
{"timestamp":"2025-09-27T01:30:19.885Z","level":"INFO","message":"User statistics retrieved successfully","metadata":{"userId":"701777cd-9631-49f4-b307-ba80caee42ad","totalTasks":2,"completedTasks":2,"inProgressTasks":0,"overdueTasks":0,"totalProjects":2,"activeProjects":1,"completedProjects":1}}
{"timestamp":"2025-09-27T01:30:19.921Z","level":"INFO","message":"Dashboard data retrieved successfully","metadata":{"userId":"701777cd-9631-49f4-b307-ba80caee42ad","userRole":"user","statsDays":30,"recentTasksCount":2,"recentActivitiesCount":1,"projectsCount":2,"includedSections":["stats","recentTasks","recentActivities","projects"]}}
{"timestamp":"2025-09-27T01:30:51.858Z","level":"INFO","message":"User project data retrieved successfully","metadata":{"userId":"701777cd-9631-49f4-b307-ba80caee42ad","totalProjects":2,"activeProjects":1,"completedProjects":1}}
{"timestamp":"2025-09-27T01:30:51.927Z","level":"INFO","message":"User project data retrieved successfully","metadata":{"userId":"701777cd-9631-49f4-b307-ba80caee42ad","totalProjects":2,"activeProjects":1,"completedProjects":1}}
{"timestamp":"2025-09-27T01:30:52.063Z","level":"INFO","message":"User statistics retrieved successfully","metadata":{"userId":"701777cd-9631-49f4-b307-ba80caee42ad","totalTasks":2,"completedTasks":2,"inProgressTasks":0,"overdueTasks":0,"totalProjects":2,"activeProjects":1,"completedProjects":1}}
{"timestamp":"2025-09-27T01:30:52.115Z","level":"INFO","message":"Dashboard data retrieved successfully","metadata":{"userId":"701777cd-9631-49f4-b307-ba80caee42ad","userRole":"user","statsDays":30,"recentTasksCount":2,"recentActivitiesCount":1,"projectsCount":2,"includedSections":["stats","recentTasks","recentActivities","projects"]}}
{"timestamp":"2025-09-27T01:31:24.991Z","level":"INFO","message":"User project data retrieved successfully","metadata":{"userId":"701777cd-9631-49f4-b307-ba80caee42ad","totalProjects":2,"activeProjects":1,"completedProjects":1}}
{"timestamp":"2025-09-27T01:31:25.094Z","level":"INFO","message":"User project data retrieved successfully","metadata":{"userId":"701777cd-9631-49f4-b307-ba80caee42ad","totalProjects":2,"activeProjects":1,"completedProjects":1}}
{"timestamp":"2025-09-27T01:31:25.193Z","level":"INFO","message":"User statistics retrieved successfully","metadata":{"userId":"701777cd-9631-49f4-b307-ba80caee42ad","totalTasks":2,"completedTasks":2,"inProgressTasks":0,"overdueTasks":0,"totalProjects":2,"activeProjects":1,"completedProjects":1}}
{"timestamp":"2025-09-27T01:31:25.251Z","level":"INFO","message":"Dashboard data retrieved successfully","metadata":{"userId":"701777cd-9631-49f4-b307-ba80caee42ad","userRole":"user","statsDays":30,"recentTasksCount":2,"recentActivitiesCount":1,"projectsCount":2,"includedSections":["stats","recentTasks","recentActivities","projects"]}}
{"timestamp":"2025-09-27T01:32:59.985Z","level":"INFO","message":"Admin statistics retrieved successfully","metadata":{"totalTasks":3,"completedTasks":3,"inProgressTasks":0,"overdueTasks":0,"totalProjects":4,"activeProjects":1,"completedProjects":3,"totalUsers":2,"activeUsers":8}}
{"timestamp":"2025-09-27T01:33:02.728Z","level":"INFO","message":"Dashboard data retrieved successfully","metadata":{"userId":"55735b0c-bee4-4aec-9607-4a3d4a5d7250","userRole":"admin","statsDays":30,"recentTasksCount":3,"recentActivitiesCount":8,"projectsCount":4,"includedSections":["stats","recentTasks","recentActivities","projects"]}}
{"timestamp":"2025-09-27T01:33:14.803Z","level":"INFO","message":"User project data retrieved successfully","metadata":{"userId":"701777cd-9631-49f4-b307-ba80caee42ad","totalProjects":2,"activeProjects":1,"completedProjects":1}}
{"timestamp":"2025-09-27T01:33:14.819Z","level":"INFO","message":"User project data retrieved successfully","metadata":{"userId":"701777cd-9631-49f4-b307-ba80caee42ad","totalProjects":2,"activeProjects":1,"completedProjects":1}}
{"timestamp":"2025-09-27T01:33:15.011Z","level":"INFO","message":"User statistics retrieved successfully","metadata":{"userId":"701777cd-9631-49f4-b307-ba80caee42ad","totalTasks":2,"completedTasks":2,"inProgressTasks":0,"overdueTasks":0,"totalProjects":2,"activeProjects":1,"completedProjects":1}}
{"timestamp":"2025-09-27T01:33:15.215Z","level":"INFO","message":"Dashboard data retrieved successfully","metadata":{"userId":"701777cd-9631-49f4-b307-ba80caee42ad","userRole":"user","statsDays":30,"recentTasksCount":2,"recentActivitiesCount":1,"projectsCount":2,"includedSections":["stats","recentTasks","recentActivities","projects"]}}
{"timestamp":"2025-09-27T01:33:19.652Z","level":"INFO","message":"User project data retrieved successfully","metadata":{"userId":"701777cd-9631-49f4-b307-ba80caee42ad","totalProjects":2,"activeProjects":1,"completedProjects":1}}
{"timestamp":"2025-09-27T01:33:19.732Z","level":"INFO","message":"User project data retrieved successfully","metadata":{"userId":"701777cd-9631-49f4-b307-ba80caee42ad","totalProjects":2,"activeProjects":1,"completedProjects":1}}
{"timestamp":"2025-09-27T01:33:19.783Z","level":"INFO","message":"User statistics retrieved successfully","metadata":{"userId":"701777cd-9631-49f4-b307-ba80caee42ad","totalTasks":2,"completedTasks":2,"inProgressTasks":0,"overdueTasks":0,"totalProjects":2,"activeProjects":1,"completedProjects":1}}
{"timestamp":"2025-09-27T01:33:19.886Z","level":"INFO","message":"Dashboard data retrieved successfully","metadata":{"userId":"701777cd-9631-49f4-b307-ba80caee42ad","userRole":"user","statsDays":30,"recentTasksCount":2,"recentActivitiesCount":1,"projectsCount":2,"includedSections":["stats","recentTasks","recentActivities","projects"]}}
{"timestamp":"2025-09-27T01:33:34.127Z","level":"INFO","message":"Admin statistics retrieved successfully","metadata":{"totalTasks":3,"completedTasks":3,"inProgressTasks":0,"overdueTasks":0,"totalProjects":4,"activeProjects":1,"completedProjects":3,"totalUsers":2,"activeUsers":8}}
{"timestamp":"2025-09-27T01:33:34.401Z","level":"INFO","message":"Dashboard data retrieved successfully","metadata":{"userId":"55735b0c-bee4-4aec-9607-4a3d4a5d7250","userRole":"admin","statsDays":30,"recentTasksCount":3,"recentActivitiesCount":8,"projectsCount":4,"includedSections":["stats","recentTasks","recentActivities","projects"]}}
{"timestamp":"2025-09-27T01:33:53.581Z","level":"INFO","message":"User project data retrieved successfully","metadata":{"userId":"701777cd-9631-49f4-b307-ba80caee42ad","totalProjects":2,"activeProjects":1,"completedProjects":1}}
{"timestamp":"2025-09-27T01:33:53.870Z","level":"INFO","message":"User project data retrieved successfully","metadata":{"userId":"701777cd-9631-49f4-b307-ba80caee42ad","totalProjects":2,"activeProjects":1,"completedProjects":1}}
{"timestamp":"2025-09-27T01:33:54.008Z","level":"INFO","message":"User statistics retrieved successfully","metadata":{"userId":"701777cd-9631-49f4-b307-ba80caee42ad","totalTasks":2,"completedTasks":2,"inProgressTasks":0,"overdueTasks":0,"totalProjects":2,"activeProjects":1,"completedProjects":1}}
{"timestamp":"2025-09-27T01:33:54.204Z","level":"INFO","message":"Dashboard data retrieved successfully","metadata":{"userId":"701777cd-9631-49f4-b307-ba80caee42ad","userRole":"user","statsDays":30,"recentTasksCount":2,"recentActivitiesCount":1,"projectsCount":2,"includedSections":["stats","recentTasks","recentActivities","projects"]}}
{"timestamp":"2025-09-27T01:34:25.840Z","level":"INFO","message":"User project data retrieved successfully","metadata":{"userId":"701777cd-9631-49f4-b307-ba80caee42ad","totalProjects":2,"activeProjects":1,"completedProjects":1}}
{"timestamp":"2025-09-27T01:34:25.950Z","level":"INFO","message":"User project data retrieved successfully","metadata":{"userId":"701777cd-9631-49f4-b307-ba80caee42ad","totalProjects":2,"activeProjects":1,"completedProjects":1}}
{"timestamp":"2025-09-27T01:34:26.070Z","level":"INFO","message":"User statistics retrieved successfully","metadata":{"userId":"701777cd-9631-49f4-b307-ba80caee42ad","totalTasks":2,"completedTasks":2,"inProgressTasks":0,"overdueTasks":0,"totalProjects":2,"activeProjects":1,"completedProjects":1}}
{"timestamp":"2025-09-27T01:34:26.110Z","level":"INFO","message":"Dashboard data retrieved successfully","metadata":{"userId":"701777cd-9631-49f4-b307-ba80caee42ad","userRole":"user","statsDays":30,"recentTasksCount":2,"recentActivitiesCount":1,"projectsCount":2,"includedSections":["stats","recentTasks","recentActivities","projects"]}}
