{"timestamp":"2025-09-26T00:44:41.456Z","level":"INFO","message":"Admin statistics retrieved successfully","metadata":{"totalTasks":2,"completedTasks":0,"inProgressTasks":0,"overdueTasks":0,"totalProjects":1,"activeProjects":1,"completedProjects":0,"totalUsers":11,"activeUsers":0}}
{"timestamp":"2025-09-26T00:44:41.555Z","level":"INFO","message":"Dashboard data retrieved successfully","metadata":{"userId":"1d4a0db5-7124-4468-b82a-786e55bc17f4","userRole":"admin","statsDays":30,"recentTasksCount":2,"recentActivitiesCount":0,"projectsCount":1,"includedSections":["stats","recentTasks","recentActivities","projects"]}}
{"timestamp":"2025-09-26T00:45:12.507Z","level":"INFO","message":"Admin statistics retrieved successfully","metadata":{"totalTasks":2,"completedTasks":0,"inProgressTasks":0,"overdueTasks":0,"totalProjects":1,"activeProjects":1,"completedProjects":0,"totalUsers":11,"activeUsers":0}}
{"timestamp":"2025-09-26T00:45:12.544Z","level":"INFO","message":"Dashboard data retrieved successfully","metadata":{"userId":"1d4a0db5-7124-4468-b82a-786e55bc17f4","userRole":"admin","statsDays":30,"recentTasksCount":2,"recentActivitiesCount":0,"projectsCount":1,"includedSections":["stats","recentTasks","recentActivities","projects"]}}
{"timestamp":"2025-09-26T00:46:45.972Z","level":"INFO","message":"Admin statistics retrieved successfully","metadata":{"totalTasks":2,"completedTasks":0,"inProgressTasks":0,"overdueTasks":0,"totalProjects":1,"activeProjects":1,"completedProjects":0,"totalUsers":11,"activeUsers":0}}
{"timestamp":"2025-09-26T00:46:45.977Z","level":"INFO","message":"Dashboard data retrieved successfully","metadata":{"userId":"1d4a0db5-7124-4468-b82a-786e55bc17f4","userRole":"admin","statsDays":30,"recentTasksCount":2,"recentActivitiesCount":0,"projectsCount":1,"includedSections":["stats","recentTasks","recentActivities","projects"]}}
{"timestamp":"2025-09-26T00:47:47.617Z","level":"INFO","message":"Admin statistics retrieved successfully","metadata":{"totalTasks":3,"completedTasks":0,"inProgressTasks":0,"overdueTasks":0,"totalProjects":1,"activeProjects":2,"completedProjects":0,"totalUsers":11,"activeUsers":0}}
{"timestamp":"2025-09-26T00:47:47.638Z","level":"INFO","message":"Dashboard data retrieved successfully","metadata":{"userId":"1d4a0db5-7124-4468-b82a-786e55bc17f4","userRole":"admin","statsDays":30,"recentTasksCount":3,"recentActivitiesCount":0,"projectsCount":1,"includedSections":["stats","recentTasks","recentActivities","projects"]}}
{"timestamp":"2025-09-26T00:48:18.569Z","level":"INFO","message":"Admin statistics retrieved successfully","metadata":{"totalTasks":3,"completedTasks":0,"inProgressTasks":0,"overdueTasks":0,"totalProjects":1,"activeProjects":2,"completedProjects":0,"totalUsers":11,"activeUsers":0}}
{"timestamp":"2025-09-26T00:48:18.588Z","level":"INFO","message":"Dashboard data retrieved successfully","metadata":{"userId":"1d4a0db5-7124-4468-b82a-786e55bc17f4","userRole":"admin","statsDays":30,"recentTasksCount":3,"recentActivitiesCount":0,"projectsCount":1,"includedSections":["stats","recentTasks","recentActivities","projects"]}}
{"timestamp":"2025-09-26T00:55:24.561Z","level":"INFO","message":"Admin statistics retrieved successfully","metadata":{"totalTasks":2,"completedTasks":0,"inProgressTasks":0,"overdueTasks":0,"totalProjects":1,"activeProjects":2,"completedProjects":0,"totalUsers":11,"activeUsers":0}}
{"timestamp":"2025-09-26T00:55:24.605Z","level":"INFO","message":"Dashboard data retrieved successfully","metadata":{"userId":"1d4a0db5-7124-4468-b82a-786e55bc17f4","userRole":"admin","statsDays":30,"recentTasksCount":2,"recentActivitiesCount":0,"projectsCount":1,"includedSections":["stats","recentTasks","recentActivities","projects"]}}
{"timestamp":"2025-09-26T01:05:59.416Z","level":"INFO","message":"Admin statistics retrieved successfully","metadata":{"totalTasks":2,"completedTasks":0,"inProgressTasks":0,"overdueTasks":0,"totalProjects":1,"activeProjects":2,"completedProjects":0,"totalUsers":11,"activeUsers":0}}
{"timestamp":"2025-09-26T01:05:59.438Z","level":"INFO","message":"Dashboard data retrieved successfully","metadata":{"userId":"1d4a0db5-7124-4468-b82a-786e55bc17f4","userRole":"admin","statsDays":30,"recentTasksCount":2,"recentActivitiesCount":0,"projectsCount":1,"includedSections":["stats","recentTasks","recentActivities","projects"]}}
{"timestamp":"2025-09-26T16:23:33.439Z","level":"INFO","message":"Admin statistics retrieved successfully","metadata":{"totalTasks":2,"completedTasks":0,"inProgressTasks":0,"overdueTasks":0,"totalProjects":3,"activeProjects":1,"completedProjects":2,"totalUsers":2,"activeUsers":0}}
{"timestamp":"2025-09-26T16:23:33.492Z","level":"INFO","message":"Dashboard data retrieved successfully","metadata":{"userId":"55735b0c-bee4-4aec-9607-4a3d4a5d7250","userRole":"admin","statsDays":30,"recentTasksCount":2,"recentActivitiesCount":0,"projectsCount":3,"includedSections":["stats","recentTasks","recentActivities","projects"]}}
{"timestamp":"2025-09-26T16:23:52.368Z","level":"INFO","message":"User project data retrieved successfully","metadata":{"userId":"701777cd-9631-49f4-b307-ba80caee42ad","totalProjects":2,"activeProjects":1,"completedProjects":1}}
{"timestamp":"2025-09-26T16:23:52.391Z","level":"INFO","message":"User project data retrieved successfully","metadata":{"userId":"701777cd-9631-49f4-b307-ba80caee42ad","totalProjects":2,"activeProjects":1,"completedProjects":1}}
{"timestamp":"2025-09-26T16:23:52.565Z","level":"INFO","message":"User statistics retrieved successfully","metadata":{"userId":"701777cd-9631-49f4-b307-ba80caee42ad","totalTasks":2,"completedTasks":0,"inProgressTasks":0,"overdueTasks":0,"totalProjects":2,"activeProjects":1,"completedProjects":1}}
{"timestamp":"2025-09-26T16:23:52.582Z","level":"INFO","message":"Dashboard data retrieved successfully","metadata":{"userId":"701777cd-9631-49f4-b307-ba80caee42ad","userRole":"user","statsDays":30,"recentTasksCount":2,"recentActivitiesCount":0,"projectsCount":2,"includedSections":["stats","recentTasks","recentActivities","projects"]}}
{"timestamp":"2025-09-26T16:24:05.317Z","level":"INFO","message":"Admin statistics retrieved successfully","metadata":{"totalTasks":2,"completedTasks":0,"inProgressTasks":0,"overdueTasks":0,"totalProjects":3,"activeProjects":1,"completedProjects":2,"totalUsers":2,"activeUsers":0}}
{"timestamp":"2025-09-26T16:24:05.358Z","level":"INFO","message":"Dashboard data retrieved successfully","metadata":{"userId":"55735b0c-bee4-4aec-9607-4a3d4a5d7250","userRole":"admin","statsDays":30,"recentTasksCount":2,"recentActivitiesCount":0,"projectsCount":3,"includedSections":["stats","recentTasks","recentActivities","projects"]}}
{"timestamp":"2025-09-26T16:24:23.603Z","level":"INFO","message":"User project data retrieved successfully","metadata":{"userId":"701777cd-9631-49f4-b307-ba80caee42ad","totalProjects":2,"activeProjects":1,"completedProjects":1}}
{"timestamp":"2025-09-26T16:24:23.652Z","level":"INFO","message":"User project data retrieved successfully","metadata":{"userId":"701777cd-9631-49f4-b307-ba80caee42ad","totalProjects":2,"activeProjects":1,"completedProjects":1}}
{"timestamp":"2025-09-26T16:24:23.759Z","level":"INFO","message":"User statistics retrieved successfully","metadata":{"userId":"701777cd-9631-49f4-b307-ba80caee42ad","totalTasks":2,"completedTasks":0,"inProgressTasks":0,"overdueTasks":0,"totalProjects":2,"activeProjects":1,"completedProjects":1}}
{"timestamp":"2025-09-26T16:24:23.820Z","level":"INFO","message":"Dashboard data retrieved successfully","metadata":{"userId":"701777cd-9631-49f4-b307-ba80caee42ad","userRole":"user","statsDays":30,"recentTasksCount":2,"recentActivitiesCount":0,"projectsCount":2,"includedSections":["stats","recentTasks","recentActivities","projects"]}}
{"timestamp":"2025-09-26T16:24:36.242Z","level":"INFO","message":"Admin statistics retrieved successfully","metadata":{"totalTasks":2,"completedTasks":0,"inProgressTasks":0,"overdueTasks":0,"totalProjects":3,"activeProjects":1,"completedProjects":2,"totalUsers":2,"activeUsers":0}}
{"timestamp":"2025-09-26T16:24:36.273Z","level":"INFO","message":"Dashboard data retrieved successfully","metadata":{"userId":"55735b0c-bee4-4aec-9607-4a3d4a5d7250","userRole":"admin","statsDays":30,"recentTasksCount":2,"recentActivitiesCount":0,"projectsCount":3,"includedSections":["stats","recentTasks","recentActivities","projects"]}}
{"timestamp":"2025-09-26T16:24:54.920Z","level":"INFO","message":"User project data retrieved successfully","metadata":{"userId":"701777cd-9631-49f4-b307-ba80caee42ad","totalProjects":2,"activeProjects":1,"completedProjects":1}}
{"timestamp":"2025-09-26T16:24:54.939Z","level":"INFO","message":"User project data retrieved successfully","metadata":{"userId":"701777cd-9631-49f4-b307-ba80caee42ad","totalProjects":2,"activeProjects":1,"completedProjects":1}}
{"timestamp":"2025-09-26T16:24:55.118Z","level":"INFO","message":"User statistics retrieved successfully","metadata":{"userId":"701777cd-9631-49f4-b307-ba80caee42ad","totalTasks":2,"completedTasks":0,"inProgressTasks":0,"overdueTasks":0,"totalProjects":2,"activeProjects":1,"completedProjects":1}}
{"timestamp":"2025-09-26T16:24:55.143Z","level":"INFO","message":"Dashboard data retrieved successfully","metadata":{"userId":"701777cd-9631-49f4-b307-ba80caee42ad","userRole":"user","statsDays":30,"recentTasksCount":2,"recentActivitiesCount":0,"projectsCount":2,"includedSections":["stats","recentTasks","recentActivities","projects"]}}
{"timestamp":"2025-09-26T16:25:26.588Z","level":"INFO","message":"User project data retrieved successfully","metadata":{"userId":"701777cd-9631-49f4-b307-ba80caee42ad","totalProjects":2,"activeProjects":1,"completedProjects":1}}
{"timestamp":"2025-09-26T16:25:26.673Z","level":"INFO","message":"User project data retrieved successfully","metadata":{"userId":"701777cd-9631-49f4-b307-ba80caee42ad","totalProjects":2,"activeProjects":1,"completedProjects":1}}
{"timestamp":"2025-09-26T16:25:26.776Z","level":"INFO","message":"User statistics retrieved successfully","metadata":{"userId":"701777cd-9631-49f4-b307-ba80caee42ad","totalTasks":2,"completedTasks":0,"inProgressTasks":0,"overdueTasks":0,"totalProjects":2,"activeProjects":1,"completedProjects":1}}
{"timestamp":"2025-09-26T16:25:26.842Z","level":"INFO","message":"Dashboard data retrieved successfully","metadata":{"userId":"701777cd-9631-49f4-b307-ba80caee42ad","userRole":"user","statsDays":30,"recentTasksCount":2,"recentActivitiesCount":0,"projectsCount":2,"includedSections":["stats","recentTasks","recentActivities","projects"]}}
{"timestamp":"2025-09-26T16:25:58.616Z","level":"INFO","message":"User project data retrieved successfully","metadata":{"userId":"701777cd-9631-49f4-b307-ba80caee42ad","totalProjects":2,"activeProjects":1,"completedProjects":1}}
{"timestamp":"2025-09-26T16:25:58.733Z","level":"INFO","message":"User statistics retrieved successfully","metadata":{"userId":"701777cd-9631-49f4-b307-ba80caee42ad","totalTasks":2,"completedTasks":0,"inProgressTasks":0,"overdueTasks":0,"totalProjects":2,"activeProjects":1,"completedProjects":1}}
{"timestamp":"2025-09-26T16:25:58.836Z","level":"INFO","message":"User project data retrieved successfully","metadata":{"userId":"701777cd-9631-49f4-b307-ba80caee42ad","totalProjects":2,"activeProjects":1,"completedProjects":1}}
{"timestamp":"2025-09-26T16:25:58.987Z","level":"INFO","message":"Dashboard data retrieved successfully","metadata":{"userId":"701777cd-9631-49f4-b307-ba80caee42ad","userRole":"user","statsDays":30,"recentTasksCount":2,"recentActivitiesCount":0,"projectsCount":2,"includedSections":["stats","recentTasks","recentActivities","projects"]}}
{"timestamp":"2025-09-26T16:26:33.011Z","level":"INFO","message":"User project data retrieved successfully","metadata":{"userId":"701777cd-9631-49f4-b307-ba80caee42ad","totalProjects":2,"activeProjects":1,"completedProjects":1}}
{"timestamp":"2025-09-26T16:26:34.316Z","level":"INFO","message":"User project data retrieved successfully","metadata":{"userId":"701777cd-9631-49f4-b307-ba80caee42ad","totalProjects":2,"activeProjects":1,"completedProjects":1}}
{"timestamp":"2025-09-26T16:26:34.694Z","level":"INFO","message":"User statistics retrieved successfully","metadata":{"userId":"701777cd-9631-49f4-b307-ba80caee42ad","totalTasks":2,"completedTasks":0,"inProgressTasks":0,"overdueTasks":0,"totalProjects":2,"activeProjects":1,"completedProjects":1}}
{"timestamp":"2025-09-26T16:26:34.884Z","level":"INFO","message":"Dashboard data retrieved successfully","metadata":{"userId":"701777cd-9631-49f4-b307-ba80caee42ad","userRole":"user","statsDays":30,"recentTasksCount":2,"recentActivitiesCount":0,"projectsCount":2,"includedSections":["stats","recentTasks","recentActivities","projects"]}}
{"timestamp":"2025-09-26T16:27:06.475Z","level":"INFO","message":"User project data retrieved successfully","metadata":{"userId":"701777cd-9631-49f4-b307-ba80caee42ad","totalProjects":2,"activeProjects":1,"completedProjects":1}}
{"timestamp":"2025-09-26T16:27:06.538Z","level":"INFO","message":"User project data retrieved successfully","metadata":{"userId":"701777cd-9631-49f4-b307-ba80caee42ad","totalProjects":2,"activeProjects":1,"completedProjects":1}}
{"timestamp":"2025-09-26T16:27:06.637Z","level":"INFO","message":"User statistics retrieved successfully","metadata":{"userId":"701777cd-9631-49f4-b307-ba80caee42ad","totalTasks":2,"completedTasks":0,"inProgressTasks":0,"overdueTasks":0,"totalProjects":2,"activeProjects":1,"completedProjects":1}}
{"timestamp":"2025-09-26T16:27:06.735Z","level":"INFO","message":"Dashboard data retrieved successfully","metadata":{"userId":"701777cd-9631-49f4-b307-ba80caee42ad","userRole":"user","statsDays":30,"recentTasksCount":2,"recentActivitiesCount":0,"projectsCount":2,"includedSections":["stats","recentTasks","recentActivities","projects"]}}
{"timestamp":"2025-09-26T16:27:41.073Z","level":"INFO","message":"User project data retrieved successfully","metadata":{"userId":"701777cd-9631-49f4-b307-ba80caee42ad","totalProjects":2,"activeProjects":1,"completedProjects":1}}
{"timestamp":"2025-09-26T16:27:41.270Z","level":"INFO","message":"User project data retrieved successfully","metadata":{"userId":"701777cd-9631-49f4-b307-ba80caee42ad","totalProjects":2,"activeProjects":1,"completedProjects":1}}
{"timestamp":"2025-09-26T16:27:41.459Z","level":"INFO","message":"User statistics retrieved successfully","metadata":{"userId":"701777cd-9631-49f4-b307-ba80caee42ad","totalTasks":2,"completedTasks":0,"inProgressTasks":0,"overdueTasks":0,"totalProjects":2,"activeProjects":1,"completedProjects":1}}
{"timestamp":"2025-09-26T16:27:41.779Z","level":"INFO","message":"Dashboard data retrieved successfully","metadata":{"userId":"701777cd-9631-49f4-b307-ba80caee42ad","userRole":"user","statsDays":30,"recentTasksCount":2,"recentActivitiesCount":0,"projectsCount":2,"includedSections":["stats","recentTasks","recentActivities","projects"]}}
{"timestamp":"2025-09-26T16:28:16.920Z","level":"INFO","message":"User project data retrieved successfully","metadata":{"userId":"701777cd-9631-49f4-b307-ba80caee42ad","totalProjects":2,"activeProjects":1,"completedProjects":1}}
{"timestamp":"2025-09-26T16:28:18.406Z","level":"INFO","message":"User project data retrieved successfully","metadata":{"userId":"701777cd-9631-49f4-b307-ba80caee42ad","totalProjects":2,"activeProjects":1,"completedProjects":1}}
{"timestamp":"2025-09-26T16:28:19.558Z","level":"INFO","message":"User statistics retrieved successfully","metadata":{"userId":"701777cd-9631-49f4-b307-ba80caee42ad","totalTasks":2,"completedTasks":0,"inProgressTasks":0,"overdueTasks":0,"totalProjects":2,"activeProjects":1,"completedProjects":1}}
{"timestamp":"2025-09-26T16:28:20.165Z","level":"INFO","message":"Dashboard data retrieved successfully","metadata":{"userId":"701777cd-9631-49f4-b307-ba80caee42ad","userRole":"user","statsDays":30,"recentTasksCount":2,"recentActivitiesCount":0,"projectsCount":2,"includedSections":["stats","recentTasks","recentActivities","projects"]}}
{"timestamp":"2025-09-26T16:28:51.338Z","level":"INFO","message":"User project data retrieved successfully","metadata":{"userId":"701777cd-9631-49f4-b307-ba80caee42ad","totalProjects":2,"activeProjects":1,"completedProjects":1}}
{"timestamp":"2025-09-26T16:28:51.386Z","level":"INFO","message":"User project data retrieved successfully","metadata":{"userId":"701777cd-9631-49f4-b307-ba80caee42ad","totalProjects":2,"activeProjects":1,"completedProjects":1}}
{"timestamp":"2025-09-26T16:28:51.484Z","level":"INFO","message":"User statistics retrieved successfully","metadata":{"userId":"701777cd-9631-49f4-b307-ba80caee42ad","totalTasks":2,"completedTasks":0,"inProgressTasks":0,"overdueTasks":0,"totalProjects":2,"activeProjects":1,"completedProjects":1}}
{"timestamp":"2025-09-26T16:28:51.549Z","level":"INFO","message":"Dashboard data retrieved successfully","metadata":{"userId":"701777cd-9631-49f4-b307-ba80caee42ad","userRole":"user","statsDays":30,"recentTasksCount":2,"recentActivitiesCount":0,"projectsCount":2,"includedSections":["stats","recentTasks","recentActivities","projects"]}}
{"timestamp":"2025-09-26T16:29:23.376Z","level":"INFO","message":"User project data retrieved successfully","metadata":{"userId":"701777cd-9631-49f4-b307-ba80caee42ad","totalProjects":2,"activeProjects":1,"completedProjects":1}}
{"timestamp":"2025-09-26T16:29:23.488Z","level":"INFO","message":"User statistics retrieved successfully","metadata":{"userId":"701777cd-9631-49f4-b307-ba80caee42ad","totalTasks":2,"completedTasks":0,"inProgressTasks":0,"overdueTasks":0,"totalProjects":2,"activeProjects":1,"completedProjects":1}}
{"timestamp":"2025-09-26T16:29:23.569Z","level":"INFO","message":"User project data retrieved successfully","metadata":{"userId":"701777cd-9631-49f4-b307-ba80caee42ad","totalProjects":2,"activeProjects":1,"completedProjects":1}}
{"timestamp":"2025-09-26T16:29:23.689Z","level":"INFO","message":"Dashboard data retrieved successfully","metadata":{"userId":"701777cd-9631-49f4-b307-ba80caee42ad","userRole":"user","statsDays":30,"recentTasksCount":2,"recentActivitiesCount":0,"projectsCount":2,"includedSections":["stats","recentTasks","recentActivities","projects"]}}
{"timestamp":"2025-09-26T16:29:57.137Z","level":"INFO","message":"User project data retrieved successfully","metadata":{"userId":"701777cd-9631-49f4-b307-ba80caee42ad","totalProjects":2,"activeProjects":1,"completedProjects":1}}
{"timestamp":"2025-09-26T16:29:57.270Z","level":"INFO","message":"User statistics retrieved successfully","metadata":{"userId":"701777cd-9631-49f4-b307-ba80caee42ad","totalTasks":2,"completedTasks":0,"inProgressTasks":0,"overdueTasks":0,"totalProjects":2,"activeProjects":1,"completedProjects":1}}
{"timestamp":"2025-09-26T16:29:57.350Z","level":"INFO","message":"User project data retrieved successfully","metadata":{"userId":"701777cd-9631-49f4-b307-ba80caee42ad","totalProjects":2,"activeProjects":1,"completedProjects":1}}
{"timestamp":"2025-09-26T16:29:57.528Z","level":"INFO","message":"Dashboard data retrieved successfully","metadata":{"userId":"701777cd-9631-49f4-b307-ba80caee42ad","userRole":"user","statsDays":30,"recentTasksCount":2,"recentActivitiesCount":0,"projectsCount":2,"includedSections":["stats","recentTasks","recentActivities","projects"]}}
{"timestamp":"2025-09-26T16:42:08.207Z","level":"WARN","message":"Attempt to complete task in completed project","metadata":{"taskId":"8866c7f3-e9a8-4b6c-bd2e-0e2e9a81e011","projectId":"22d950c2-c40e-4325-8db4-dab79bdf8f6e","projectName":"text project","userId":"55735b0c-bee4-4aec-9607-4a3d4a5d7250"}}
{"timestamp":"2025-09-26T16:53:26.656Z","level":"INFO","message":"Admin statistics retrieved successfully","metadata":{"totalTasks":1,"completedTasks":1,"inProgressTasks":0,"overdueTasks":0,"totalProjects":3,"activeProjects":1,"completedProjects":2,"totalUsers":2,"activeUsers":0}}
{"timestamp":"2025-09-26T16:53:26.671Z","level":"INFO","message":"Dashboard data retrieved successfully","metadata":{"userId":"55735b0c-bee4-4aec-9607-4a3d4a5d7250","userRole":"admin","statsDays":30,"recentTasksCount":1,"recentActivitiesCount":0,"projectsCount":3,"includedSections":["stats","recentTasks","recentActivities","projects"]}}
{"timestamp":"2025-09-26T18:11:36.640Z","level":"INFO","message":"User project data retrieved successfully","metadata":{"userId":"701777cd-9631-49f4-b307-ba80caee42ad","totalProjects":1,"activeProjects":1,"completedProjects":0}}
{"timestamp":"2025-09-26T18:11:36.769Z","level":"INFO","message":"User statistics retrieved successfully","metadata":{"userId":"701777cd-9631-49f4-b307-ba80caee42ad","totalTasks":1,"completedTasks":1,"inProgressTasks":0,"overdueTasks":0,"totalProjects":1,"activeProjects":1,"completedProjects":0}}
{"timestamp":"2025-09-26T18:11:36.837Z","level":"INFO","message":"User project data retrieved successfully","metadata":{"userId":"701777cd-9631-49f4-b307-ba80caee42ad","totalProjects":1,"activeProjects":1,"completedProjects":0}}
{"timestamp":"2025-09-26T18:11:36.988Z","level":"INFO","message":"Dashboard data retrieved successfully","metadata":{"userId":"701777cd-9631-49f4-b307-ba80caee42ad","userRole":"user","statsDays":30,"recentTasksCount":1,"recentActivitiesCount":0,"projectsCount":1,"includedSections":["stats","recentTasks","recentActivities","projects"]}}
