{"timestamp":"2025-09-25T04:37:33.043Z","level":"INFO","message":"No projects found for user","metadata":{"userId":"676b5e8d-656e-4fba-802c-89978d73361b"}}
{"timestamp":"2025-09-25T04:37:33.048Z","level":"INFO","message":"No projects found for user","metadata":{"userId":"676b5e8d-656e-4fba-802c-89978d73361b"}}
{"timestamp":"2025-09-25T04:37:33.220Z","level":"INFO","message":"User statistics retrieved successfully","metadata":{"userId":"676b5e8d-656e-4fba-802c-89978d73361b","totalTasks":0,"completedTasks":0,"inProgressTasks":0,"overdueTasks":0,"totalProjects":0,"activeProjects":0,"completedProjects":0}}
{"timestamp":"2025-09-25T04:37:33.221Z","level":"INFO","message":"Dashboard data retrieved successfully","metadata":{"userId":"676b5e8d-656e-4fba-802c-89978d73361b","userRole":"user","statsDays":30,"recentTasksCount":0,"recentActivitiesCount":0,"projectsCount":0,"includedSections":["stats","recentTasks","recentActivities","projects"]}}
{"timestamp":"2025-09-25T04:39:24.823Z","level":"INFO","message":"User registered successfully","metadata":{"userId":"b97e0c62-84eb-43bf-9d97-7b4212a540d3","email":"admin@example.com"}}
{"timestamp":"2025-09-25T04:39:54.816Z","level":"ERROR","message":"Get admin stats error","stack":"Error: \n    at Query.run (D:\\task-manager\\server\\node_modules\\sequelize\\src\\dialects\\mysql\\query.js:46:25)\n    at D:\\task-manager\\server\\node_modules\\sequelize\\src\\sequelize.js:650:28\n    at processTicksAndRejections (node:internal/process/task_queues:105:5)\n    at MySQLQueryInterface.rawSelect (D:\\task-manager\\server\\node_modules\\sequelize\\src\\dialects\\abstract\\query-interface.js:1043:18)\n    at Function.aggregate (D:\\task-manager\\server\\node_modules\\sequelize\\src\\model.js:2067:19)\n    at Function.count (D:\\task-manager\\server\\node_modules\\sequelize\\src\\model.js:2124:20)\n    at async Promise.all (index 8)\n    at DashboardService.getAdminStats (D:\\task-manager\\server\\src\\services\\dashboardService.ts:35:11)\n    at async Promise.all (index 0)\n    at DashboardService.getCompleteDashboardData (D:\\task-manager\\server\\src\\services\\dashboardService.ts:494:23)"}
{"timestamp":"2025-09-25T04:40:22.512Z","level":"ERROR","message":"Get admin stats error","stack":"Error: \n    at Query.run (D:\\task-manager\\server\\node_modules\\sequelize\\src\\dialects\\mysql\\query.js:46:25)\n    at D:\\task-manager\\server\\node_modules\\sequelize\\src\\sequelize.js:650:28\n    at processTicksAndRejections (node:internal/process/task_queues:105:5)\n    at MySQLQueryInterface.rawSelect (D:\\task-manager\\server\\node_modules\\sequelize\\src\\dialects\\abstract\\query-interface.js:1043:18)\n    at Function.aggregate (D:\\task-manager\\server\\node_modules\\sequelize\\src\\model.js:2067:19)\n    at Function.count (D:\\task-manager\\server\\node_modules\\sequelize\\src\\model.js:2124:20)\n    at async Promise.all (index 8)\n    at DashboardService.getAdminStats (D:\\task-manager\\server\\src\\services\\dashboardService.ts:35:11)\n    at async Promise.all (index 0)\n    at DashboardService.getCompleteDashboardData (D:\\task-manager\\server\\src\\services\\dashboardService.ts:494:23)"}
{"timestamp":"2025-09-25T04:40:33.407Z","level":"ERROR","message":"Get admin stats error","stack":"Error: \n    at Query.run (D:\\task-manager\\server\\node_modules\\sequelize\\src\\dialects\\mysql\\query.js:46:25)\n    at D:\\task-manager\\server\\node_modules\\sequelize\\src\\sequelize.js:650:28\n    at processTicksAndRejections (node:internal/process/task_queues:105:5)\n    at MySQLQueryInterface.rawSelect (D:\\task-manager\\server\\node_modules\\sequelize\\src\\dialects\\abstract\\query-interface.js:1043:18)\n    at Function.aggregate (D:\\task-manager\\server\\node_modules\\sequelize\\src\\model.js:2067:19)\n    at Function.count (D:\\task-manager\\server\\node_modules\\sequelize\\src\\model.js:2124:20)\n    at async Promise.all (index 8)\n    at DashboardService.getAdminStats (D:\\task-manager\\server\\src\\services\\dashboardService.ts:35:11)\n    at async Promise.all (index 0)\n    at DashboardService.getCompleteDashboardData (D:\\task-manager\\server\\src\\services\\dashboardService.ts:494:23)"}
{"timestamp":"2025-09-25T04:43:48.774Z","level":"INFO","message":"No projects found for user","metadata":{"userId":"676b5e8d-656e-4fba-802c-89978d73361b"}}
{"timestamp":"2025-09-25T04:43:48.796Z","level":"INFO","message":"No projects found for user","metadata":{"userId":"676b5e8d-656e-4fba-802c-89978d73361b"}}
{"timestamp":"2025-09-25T04:43:48.879Z","level":"INFO","message":"User statistics retrieved successfully","metadata":{"userId":"676b5e8d-656e-4fba-802c-89978d73361b","totalTasks":0,"completedTasks":0,"inProgressTasks":0,"overdueTasks":0,"totalProjects":0,"activeProjects":0,"completedProjects":0}}
{"timestamp":"2025-09-25T04:43:48.880Z","level":"INFO","message":"Dashboard data retrieved successfully","metadata":{"userId":"676b5e8d-656e-4fba-802c-89978d73361b","userRole":"user","statsDays":30,"recentTasksCount":0,"recentActivitiesCount":0,"projectsCount":0,"includedSections":["stats","recentTasks","recentActivities","projects"]}}
{"timestamp":"2025-09-25T04:43:55.313Z","level":"ERROR","message":"Get admin stats error","stack":"Error: \n    at Query.run (D:\\task-manager\\server\\node_modules\\sequelize\\src\\dialects\\mysql\\query.js:46:25)\n    at D:\\task-manager\\server\\node_modules\\sequelize\\src\\sequelize.js:650:28\n    at processTicksAndRejections (node:internal/process/task_queues:105:5)\n    at MySQLQueryInterface.rawSelect (D:\\task-manager\\server\\node_modules\\sequelize\\src\\dialects\\abstract\\query-interface.js:1043:18)\n    at Function.aggregate (D:\\task-manager\\server\\node_modules\\sequelize\\src\\model.js:2067:19)\n    at Function.count (D:\\task-manager\\server\\node_modules\\sequelize\\src\\model.js:2124:20)\n    at async Promise.all (index 8)\n    at DashboardService.getAdminStats (D:\\task-manager\\server\\src\\services\\dashboardService.ts:35:11)\n    at async Promise.all (index 0)\n    at DashboardService.getCompleteDashboardData (D:\\task-manager\\server\\src\\services\\dashboardService.ts:494:23)"}
{"timestamp":"2025-09-25T04:45:29.047Z","level":"INFO","message":"Admin statistics retrieved successfully","metadata":{"totalTasks":0,"completedTasks":0,"inProgressTasks":0,"overdueTasks":0,"totalProjects":0,"activeProjects":0,"completedProjects":0,"totalUsers":8,"activeUsers":0}}
{"timestamp":"2025-09-25T04:45:29.050Z","level":"INFO","message":"Dashboard data retrieved successfully","metadata":{"userId":"b97e0c62-84eb-43bf-9d97-7b4212a540d3","userRole":"admin","statsDays":30,"recentTasksCount":0,"recentActivitiesCount":0,"projectsCount":0,"includedSections":["stats","recentTasks","recentActivities","projects"]}}
{"timestamp":"2025-09-25T04:46:20.899Z","level":"INFO","message":"No projects found for user","metadata":{"userId":"676b5e8d-656e-4fba-802c-89978d73361b"}}
{"timestamp":"2025-09-25T04:46:20.924Z","level":"INFO","message":"No projects found for user","metadata":{"userId":"676b5e8d-656e-4fba-802c-89978d73361b"}}
{"timestamp":"2025-09-25T04:46:21.058Z","level":"INFO","message":"User statistics retrieved successfully","metadata":{"userId":"676b5e8d-656e-4fba-802c-89978d73361b","totalTasks":0,"completedTasks":0,"inProgressTasks":0,"overdueTasks":0,"totalProjects":0,"activeProjects":0,"completedProjects":0}}
{"timestamp":"2025-09-25T04:46:21.059Z","level":"INFO","message":"Dashboard data retrieved successfully","metadata":{"userId":"676b5e8d-656e-4fba-802c-89978d73361b","userRole":"user","statsDays":30,"recentTasksCount":0,"recentActivitiesCount":0,"projectsCount":0,"includedSections":["stats","recentTasks","recentActivities","projects"]}}
{"timestamp":"2025-09-25T04:46:26.295Z","level":"INFO","message":"Admin statistics retrieved successfully","metadata":{"totalTasks":0,"completedTasks":0,"inProgressTasks":0,"overdueTasks":0,"totalProjects":0,"activeProjects":0,"completedProjects":0,"totalUsers":8,"activeUsers":0}}
{"timestamp":"2025-09-25T04:46:26.296Z","level":"INFO","message":"Dashboard data retrieved successfully","metadata":{"userId":"b97e0c62-84eb-43bf-9d97-7b4212a540d3","userRole":"admin","statsDays":30,"recentTasksCount":0,"recentActivitiesCount":0,"projectsCount":0,"includedSections":["stats","recentTasks","recentActivities","projects"]}}
{"timestamp":"2025-09-25T04:57:44.289Z","level":"INFO","message":"No projects found for user","metadata":{"userId":"676b5e8d-656e-4fba-802c-89978d73361b"}}
{"timestamp":"2025-09-25T04:57:44.354Z","level":"INFO","message":"No projects found for user","metadata":{"userId":"676b5e8d-656e-4fba-802c-89978d73361b"}}
{"timestamp":"2025-09-25T04:57:44.436Z","level":"INFO","message":"User statistics retrieved successfully","metadata":{"userId":"676b5e8d-656e-4fba-802c-89978d73361b","totalTasks":0,"completedTasks":0,"inProgressTasks":0,"overdueTasks":0,"totalProjects":0,"activeProjects":0,"completedProjects":0}}
{"timestamp":"2025-09-25T04:57:44.440Z","level":"INFO","message":"Dashboard data retrieved successfully","metadata":{"userId":"676b5e8d-656e-4fba-802c-89978d73361b","userRole":"user","statsDays":30,"recentTasksCount":0,"recentActivitiesCount":0,"projectsCount":0,"includedSections":["stats","recentTasks","recentActivities","projects"]}}
{"timestamp":"2025-09-25T04:58:01.009Z","level":"INFO","message":"No projects found for user","metadata":{"userId":"676b5e8d-656e-4fba-802c-89978d73361b"}}
{"timestamp":"2025-09-25T04:58:01.087Z","level":"INFO","message":"No projects found for user","metadata":{"userId":"676b5e8d-656e-4fba-802c-89978d73361b"}}
{"timestamp":"2025-09-25T04:58:01.166Z","level":"INFO","message":"User statistics retrieved successfully","metadata":{"userId":"676b5e8d-656e-4fba-802c-89978d73361b","totalTasks":0,"completedTasks":0,"inProgressTasks":0,"overdueTasks":0,"totalProjects":0,"activeProjects":0,"completedProjects":0}}
{"timestamp":"2025-09-25T04:58:01.168Z","level":"INFO","message":"Dashboard data retrieved successfully","metadata":{"userId":"676b5e8d-656e-4fba-802c-89978d73361b","userRole":"user","statsDays":30,"recentTasksCount":0,"recentActivitiesCount":0,"projectsCount":0,"includedSections":["stats","recentTasks","recentActivities","projects"]}}
{"timestamp":"2025-09-25T04:58:12.459Z","level":"INFO","message":"No projects found for user","metadata":{"userId":"676b5e8d-656e-4fba-802c-89978d73361b"}}
{"timestamp":"2025-09-25T04:58:12.667Z","level":"INFO","message":"No projects found for user","metadata":{"userId":"676b5e8d-656e-4fba-802c-89978d73361b"}}
{"timestamp":"2025-09-25T04:58:13.351Z","level":"INFO","message":"User statistics retrieved successfully","metadata":{"userId":"676b5e8d-656e-4fba-802c-89978d73361b","totalTasks":0,"completedTasks":0,"inProgressTasks":0,"overdueTasks":0,"totalProjects":0,"activeProjects":0,"completedProjects":0}}
{"timestamp":"2025-09-25T04:58:13.352Z","level":"INFO","message":"Dashboard data retrieved successfully","metadata":{"userId":"676b5e8d-656e-4fba-802c-89978d73361b","userRole":"user","statsDays":30,"recentTasksCount":0,"recentActivitiesCount":0,"projectsCount":0,"includedSections":["stats","recentTasks","recentActivities","projects"]}}
{"timestamp":"2025-09-25T04:58:44.305Z","level":"INFO","message":"No projects found for user","metadata":{"userId":"676b5e8d-656e-4fba-802c-89978d73361b"}}
{"timestamp":"2025-09-25T04:58:44.378Z","level":"INFO","message":"No projects found for user","metadata":{"userId":"676b5e8d-656e-4fba-802c-89978d73361b"}}
{"timestamp":"2025-09-25T04:58:44.438Z","level":"INFO","message":"User statistics retrieved successfully","metadata":{"userId":"676b5e8d-656e-4fba-802c-89978d73361b","totalTasks":0,"completedTasks":0,"inProgressTasks":0,"overdueTasks":0,"totalProjects":0,"activeProjects":0,"completedProjects":0}}
{"timestamp":"2025-09-25T04:58:44.439Z","level":"INFO","message":"Dashboard data retrieved successfully","metadata":{"userId":"676b5e8d-656e-4fba-802c-89978d73361b","userRole":"user","statsDays":30,"recentTasksCount":0,"recentActivitiesCount":0,"projectsCount":0,"includedSections":["stats","recentTasks","recentActivities","projects"]}}
{"timestamp":"2025-09-25T04:59:14.970Z","level":"INFO","message":"No projects found for user","metadata":{"userId":"676b5e8d-656e-4fba-802c-89978d73361b"}}
{"timestamp":"2025-09-25T04:59:15.070Z","level":"INFO","message":"No projects found for user","metadata":{"userId":"676b5e8d-656e-4fba-802c-89978d73361b"}}
{"timestamp":"2025-09-25T04:59:15.149Z","level":"INFO","message":"User statistics retrieved successfully","metadata":{"userId":"676b5e8d-656e-4fba-802c-89978d73361b","totalTasks":0,"completedTasks":0,"inProgressTasks":0,"overdueTasks":0,"totalProjects":0,"activeProjects":0,"completedProjects":0}}
{"timestamp":"2025-09-25T04:59:15.150Z","level":"INFO","message":"Dashboard data retrieved successfully","metadata":{"userId":"676b5e8d-656e-4fba-802c-89978d73361b","userRole":"user","statsDays":30,"recentTasksCount":0,"recentActivitiesCount":0,"projectsCount":0,"includedSections":["stats","recentTasks","recentActivities","projects"]}}
{"timestamp":"2025-09-25T15:28:02.992Z","level":"INFO","message":"No projects found for user","metadata":{"userId":"676b5e8d-656e-4fba-802c-89978d73361b"}}
{"timestamp":"2025-09-25T15:28:03.063Z","level":"INFO","message":"No projects found for user","metadata":{"userId":"676b5e8d-656e-4fba-802c-89978d73361b"}}
{"timestamp":"2025-09-25T15:28:03.158Z","level":"INFO","message":"User statistics retrieved successfully","metadata":{"userId":"676b5e8d-656e-4fba-802c-89978d73361b","totalTasks":0,"completedTasks":0,"inProgressTasks":0,"overdueTasks":0,"totalProjects":0,"activeProjects":0,"completedProjects":0}}
{"timestamp":"2025-09-25T15:28:03.160Z","level":"INFO","message":"Dashboard data retrieved successfully","metadata":{"userId":"676b5e8d-656e-4fba-802c-89978d73361b","userRole":"user","statsDays":30,"recentTasksCount":0,"recentActivitiesCount":0,"projectsCount":0,"includedSections":["stats","recentTasks","recentActivities","projects"]}}
{"timestamp":"2025-09-25T15:28:34.035Z","level":"INFO","message":"No projects found for user","metadata":{"userId":"676b5e8d-656e-4fba-802c-89978d73361b"}}
{"timestamp":"2025-09-25T15:28:34.116Z","level":"INFO","message":"No projects found for user","metadata":{"userId":"676b5e8d-656e-4fba-802c-89978d73361b"}}
{"timestamp":"2025-09-25T15:28:34.220Z","level":"INFO","message":"User statistics retrieved successfully","metadata":{"userId":"676b5e8d-656e-4fba-802c-89978d73361b","totalTasks":0,"completedTasks":0,"inProgressTasks":0,"overdueTasks":0,"totalProjects":0,"activeProjects":0,"completedProjects":0}}
{"timestamp":"2025-09-25T15:28:34.220Z","level":"INFO","message":"Dashboard data retrieved successfully","metadata":{"userId":"676b5e8d-656e-4fba-802c-89978d73361b","userRole":"user","statsDays":30,"recentTasksCount":0,"recentActivitiesCount":0,"projectsCount":0,"includedSections":["stats","recentTasks","recentActivities","projects"]}}
{"timestamp":"2025-09-25T15:29:05.891Z","level":"INFO","message":"No projects found for user","metadata":{"userId":"676b5e8d-656e-4fba-802c-89978d73361b"}}
{"timestamp":"2025-09-25T15:29:05.915Z","level":"INFO","message":"No projects found for user","metadata":{"userId":"676b5e8d-656e-4fba-802c-89978d73361b"}}
{"timestamp":"2025-09-25T15:29:06.008Z","level":"INFO","message":"User statistics retrieved successfully","metadata":{"userId":"676b5e8d-656e-4fba-802c-89978d73361b","totalTasks":0,"completedTasks":0,"inProgressTasks":0,"overdueTasks":0,"totalProjects":0,"activeProjects":0,"completedProjects":0}}
{"timestamp":"2025-09-25T15:29:06.008Z","level":"INFO","message":"Dashboard data retrieved successfully","metadata":{"userId":"676b5e8d-656e-4fba-802c-89978d73361b","userRole":"user","statsDays":30,"recentTasksCount":0,"recentActivitiesCount":0,"projectsCount":0,"includedSections":["stats","recentTasks","recentActivities","projects"]}}
{"timestamp":"2025-09-25T15:29:36.990Z","level":"INFO","message":"No projects found for user","metadata":{"userId":"676b5e8d-656e-4fba-802c-89978d73361b"}}
{"timestamp":"2025-09-25T15:29:37.072Z","level":"INFO","message":"No projects found for user","metadata":{"userId":"676b5e8d-656e-4fba-802c-89978d73361b"}}
{"timestamp":"2025-09-25T15:29:37.166Z","level":"INFO","message":"User statistics retrieved successfully","metadata":{"userId":"676b5e8d-656e-4fba-802c-89978d73361b","totalTasks":0,"completedTasks":0,"inProgressTasks":0,"overdueTasks":0,"totalProjects":0,"activeProjects":0,"completedProjects":0}}
{"timestamp":"2025-09-25T15:29:37.167Z","level":"INFO","message":"Dashboard data retrieved successfully","metadata":{"userId":"676b5e8d-656e-4fba-802c-89978d73361b","userRole":"user","statsDays":30,"recentTasksCount":0,"recentActivitiesCount":0,"projectsCount":0,"includedSections":["stats","recentTasks","recentActivities","projects"]}}
{"timestamp":"2025-09-25T15:30:07.898Z","level":"INFO","message":"No projects found for user","metadata":{"userId":"676b5e8d-656e-4fba-802c-89978d73361b"}}
{"timestamp":"2025-09-25T15:30:07.981Z","level":"INFO","message":"No projects found for user","metadata":{"userId":"676b5e8d-656e-4fba-802c-89978d73361b"}}
{"timestamp":"2025-09-25T15:30:08.073Z","level":"INFO","message":"User statistics retrieved successfully","metadata":{"userId":"676b5e8d-656e-4fba-802c-89978d73361b","totalTasks":0,"completedTasks":0,"inProgressTasks":0,"overdueTasks":0,"totalProjects":0,"activeProjects":0,"completedProjects":0}}
{"timestamp":"2025-09-25T15:30:08.074Z","level":"INFO","message":"Dashboard data retrieved successfully","metadata":{"userId":"676b5e8d-656e-4fba-802c-89978d73361b","userRole":"user","statsDays":30,"recentTasksCount":0,"recentActivitiesCount":0,"projectsCount":0,"includedSections":["stats","recentTasks","recentActivities","projects"]}}
{"timestamp":"2025-09-25T15:30:38.948Z","level":"INFO","message":"No projects found for user","metadata":{"userId":"676b5e8d-656e-4fba-802c-89978d73361b"}}
{"timestamp":"2025-09-25T15:30:38.984Z","level":"INFO","message":"No projects found for user","metadata":{"userId":"676b5e8d-656e-4fba-802c-89978d73361b"}}
{"timestamp":"2025-09-25T15:30:39.386Z","level":"INFO","message":"User statistics retrieved successfully","metadata":{"userId":"676b5e8d-656e-4fba-802c-89978d73361b","totalTasks":0,"completedTasks":0,"inProgressTasks":0,"overdueTasks":0,"totalProjects":0,"activeProjects":0,"completedProjects":0}}
{"timestamp":"2025-09-25T15:30:39.387Z","level":"INFO","message":"Dashboard data retrieved successfully","metadata":{"userId":"676b5e8d-656e-4fba-802c-89978d73361b","userRole":"user","statsDays":30,"recentTasksCount":0,"recentActivitiesCount":0,"projectsCount":0,"includedSections":["stats","recentTasks","recentActivities","projects"]}}
{"timestamp":"2025-09-25T15:31:10.979Z","level":"INFO","message":"No projects found for user","metadata":{"userId":"676b5e8d-656e-4fba-802c-89978d73361b"}}
{"timestamp":"2025-09-25T15:31:11.042Z","level":"INFO","message":"No projects found for user","metadata":{"userId":"676b5e8d-656e-4fba-802c-89978d73361b"}}
{"timestamp":"2025-09-25T15:31:11.169Z","level":"INFO","message":"User statistics retrieved successfully","metadata":{"userId":"676b5e8d-656e-4fba-802c-89978d73361b","totalTasks":0,"completedTasks":0,"inProgressTasks":0,"overdueTasks":0,"totalProjects":0,"activeProjects":0,"completedProjects":0}}
{"timestamp":"2025-09-25T15:31:11.170Z","level":"INFO","message":"Dashboard data retrieved successfully","metadata":{"userId":"676b5e8d-656e-4fba-802c-89978d73361b","userRole":"user","statsDays":30,"recentTasksCount":0,"recentActivitiesCount":0,"projectsCount":0,"includedSections":["stats","recentTasks","recentActivities","projects"]}}
{"timestamp":"2025-09-25T15:31:42.135Z","level":"INFO","message":"No projects found for user","metadata":{"userId":"676b5e8d-656e-4fba-802c-89978d73361b"}}
{"timestamp":"2025-09-25T15:31:42.168Z","level":"INFO","message":"No projects found for user","metadata":{"userId":"676b5e8d-656e-4fba-802c-89978d73361b"}}
{"timestamp":"2025-09-25T15:31:42.256Z","level":"INFO","message":"User statistics retrieved successfully","metadata":{"userId":"676b5e8d-656e-4fba-802c-89978d73361b","totalTasks":0,"completedTasks":0,"inProgressTasks":0,"overdueTasks":0,"totalProjects":0,"activeProjects":0,"completedProjects":0}}
{"timestamp":"2025-09-25T15:31:42.256Z","level":"INFO","message":"Dashboard data retrieved successfully","metadata":{"userId":"676b5e8d-656e-4fba-802c-89978d73361b","userRole":"user","statsDays":30,"recentTasksCount":0,"recentActivitiesCount":0,"projectsCount":0,"includedSections":["stats","recentTasks","recentActivities","projects"]}}
{"timestamp":"2025-09-25T15:32:13.974Z","level":"INFO","message":"No projects found for user","metadata":{"userId":"676b5e8d-656e-4fba-802c-89978d73361b"}}
{"timestamp":"2025-09-25T15:32:14.038Z","level":"INFO","message":"No projects found for user","metadata":{"userId":"676b5e8d-656e-4fba-802c-89978d73361b"}}
{"timestamp":"2025-09-25T15:32:14.142Z","level":"INFO","message":"User statistics retrieved successfully","metadata":{"userId":"676b5e8d-656e-4fba-802c-89978d73361b","totalTasks":0,"completedTasks":0,"inProgressTasks":0,"overdueTasks":0,"totalProjects":0,"activeProjects":0,"completedProjects":0}}
{"timestamp":"2025-09-25T15:32:14.143Z","level":"INFO","message":"Dashboard data retrieved successfully","metadata":{"userId":"676b5e8d-656e-4fba-802c-89978d73361b","userRole":"user","statsDays":30,"recentTasksCount":0,"recentActivitiesCount":0,"projectsCount":0,"includedSections":["stats","recentTasks","recentActivities","projects"]}}
{"timestamp":"2025-09-25T15:32:45.070Z","level":"INFO","message":"No projects found for user","metadata":{"userId":"676b5e8d-656e-4fba-802c-89978d73361b"}}
{"timestamp":"2025-09-25T15:32:45.141Z","level":"INFO","message":"No projects found for user","metadata":{"userId":"676b5e8d-656e-4fba-802c-89978d73361b"}}
{"timestamp":"2025-09-25T15:32:45.231Z","level":"INFO","message":"User statistics retrieved successfully","metadata":{"userId":"676b5e8d-656e-4fba-802c-89978d73361b","totalTasks":0,"completedTasks":0,"inProgressTasks":0,"overdueTasks":0,"totalProjects":0,"activeProjects":0,"completedProjects":0}}
{"timestamp":"2025-09-25T15:32:45.235Z","level":"INFO","message":"Dashboard data retrieved successfully","metadata":{"userId":"676b5e8d-656e-4fba-802c-89978d73361b","userRole":"user","statsDays":30,"recentTasksCount":0,"recentActivitiesCount":0,"projectsCount":0,"includedSections":["stats","recentTasks","recentActivities","projects"]}}
{"timestamp":"2025-09-25T15:33:16.971Z","level":"INFO","message":"No projects found for user","metadata":{"userId":"676b5e8d-656e-4fba-802c-89978d73361b"}}
{"timestamp":"2025-09-25T15:33:17.036Z","level":"INFO","message":"No projects found for user","metadata":{"userId":"676b5e8d-656e-4fba-802c-89978d73361b"}}
{"timestamp":"2025-09-25T15:33:17.141Z","level":"INFO","message":"User statistics retrieved successfully","metadata":{"userId":"676b5e8d-656e-4fba-802c-89978d73361b","totalTasks":0,"completedTasks":0,"inProgressTasks":0,"overdueTasks":0,"totalProjects":0,"activeProjects":0,"completedProjects":0}}
{"timestamp":"2025-09-25T15:33:17.144Z","level":"INFO","message":"Dashboard data retrieved successfully","metadata":{"userId":"676b5e8d-656e-4fba-802c-89978d73361b","userRole":"user","statsDays":30,"recentTasksCount":0,"recentActivitiesCount":0,"projectsCount":0,"includedSections":["stats","recentTasks","recentActivities","projects"]}}
{"timestamp":"2025-09-25T15:33:48.040Z","level":"INFO","message":"No projects found for user","metadata":{"userId":"676b5e8d-656e-4fba-802c-89978d73361b"}}
{"timestamp":"2025-09-25T15:33:48.075Z","level":"INFO","message":"No projects found for user","metadata":{"userId":"676b5e8d-656e-4fba-802c-89978d73361b"}}
{"timestamp":"2025-09-25T15:33:48.174Z","level":"INFO","message":"User statistics retrieved successfully","metadata":{"userId":"676b5e8d-656e-4fba-802c-89978d73361b","totalTasks":0,"completedTasks":0,"inProgressTasks":0,"overdueTasks":0,"totalProjects":0,"activeProjects":0,"completedProjects":0}}
{"timestamp":"2025-09-25T15:33:48.175Z","level":"INFO","message":"Dashboard data retrieved successfully","metadata":{"userId":"676b5e8d-656e-4fba-802c-89978d73361b","userRole":"user","statsDays":30,"recentTasksCount":0,"recentActivitiesCount":0,"projectsCount":0,"includedSections":["stats","recentTasks","recentActivities","projects"]}}
{"timestamp":"2025-09-25T15:34:19.092Z","level":"INFO","message":"No projects found for user","metadata":{"userId":"676b5e8d-656e-4fba-802c-89978d73361b"}}
{"timestamp":"2025-09-25T15:34:19.121Z","level":"INFO","message":"No projects found for user","metadata":{"userId":"676b5e8d-656e-4fba-802c-89978d73361b"}}
{"timestamp":"2025-09-25T15:34:19.223Z","level":"INFO","message":"User statistics retrieved successfully","metadata":{"userId":"676b5e8d-656e-4fba-802c-89978d73361b","totalTasks":0,"completedTasks":0,"inProgressTasks":0,"overdueTasks":0,"totalProjects":0,"activeProjects":0,"completedProjects":0}}
{"timestamp":"2025-09-25T15:34:19.225Z","level":"INFO","message":"Dashboard data retrieved successfully","metadata":{"userId":"676b5e8d-656e-4fba-802c-89978d73361b","userRole":"user","statsDays":30,"recentTasksCount":0,"recentActivitiesCount":0,"projectsCount":0,"includedSections":["stats","recentTasks","recentActivities","projects"]}}
{"timestamp":"2025-09-25T15:34:51.021Z","level":"INFO","message":"No projects found for user","metadata":{"userId":"676b5e8d-656e-4fba-802c-89978d73361b"}}
{"timestamp":"2025-09-25T15:34:51.087Z","level":"INFO","message":"No projects found for user","metadata":{"userId":"676b5e8d-656e-4fba-802c-89978d73361b"}}
{"timestamp":"2025-09-25T15:34:51.188Z","level":"INFO","message":"User statistics retrieved successfully","metadata":{"userId":"676b5e8d-656e-4fba-802c-89978d73361b","totalTasks":0,"completedTasks":0,"inProgressTasks":0,"overdueTasks":0,"totalProjects":0,"activeProjects":0,"completedProjects":0}}
{"timestamp":"2025-09-25T15:34:51.188Z","level":"INFO","message":"Dashboard data retrieved successfully","metadata":{"userId":"676b5e8d-656e-4fba-802c-89978d73361b","userRole":"user","statsDays":30,"recentTasksCount":0,"recentActivitiesCount":0,"projectsCount":0,"includedSections":["stats","recentTasks","recentActivities","projects"]}}
{"timestamp":"2025-09-25T15:35:22.974Z","level":"INFO","message":"No projects found for user","metadata":{"userId":"676b5e8d-656e-4fba-802c-89978d73361b"}}
{"timestamp":"2025-09-25T15:35:22.997Z","level":"INFO","message":"No projects found for user","metadata":{"userId":"676b5e8d-656e-4fba-802c-89978d73361b"}}
{"timestamp":"2025-09-25T15:35:23.092Z","level":"INFO","message":"User statistics retrieved successfully","metadata":{"userId":"676b5e8d-656e-4fba-802c-89978d73361b","totalTasks":0,"completedTasks":0,"inProgressTasks":0,"overdueTasks":0,"totalProjects":0,"activeProjects":0,"completedProjects":0}}
{"timestamp":"2025-09-25T15:35:23.094Z","level":"INFO","message":"Dashboard data retrieved successfully","metadata":{"userId":"676b5e8d-656e-4fba-802c-89978d73361b","userRole":"user","statsDays":30,"recentTasksCount":0,"recentActivitiesCount":0,"projectsCount":0,"includedSections":["stats","recentTasks","recentActivities","projects"]}}
{"timestamp":"2025-09-25T15:35:53.960Z","level":"INFO","message":"No projects found for user","metadata":{"userId":"676b5e8d-656e-4fba-802c-89978d73361b"}}
{"timestamp":"2025-09-25T15:35:54.027Z","level":"INFO","message":"No projects found for user","metadata":{"userId":"676b5e8d-656e-4fba-802c-89978d73361b"}}
{"timestamp":"2025-09-25T15:35:54.127Z","level":"INFO","message":"User statistics retrieved successfully","metadata":{"userId":"676b5e8d-656e-4fba-802c-89978d73361b","totalTasks":0,"completedTasks":0,"inProgressTasks":0,"overdueTasks":0,"totalProjects":0,"activeProjects":0,"completedProjects":0}}
{"timestamp":"2025-09-25T15:35:54.129Z","level":"INFO","message":"Dashboard data retrieved successfully","metadata":{"userId":"676b5e8d-656e-4fba-802c-89978d73361b","userRole":"user","statsDays":30,"recentTasksCount":0,"recentActivitiesCount":0,"projectsCount":0,"includedSections":["stats","recentTasks","recentActivities","projects"]}}
{"timestamp":"2025-09-25T15:36:24.991Z","level":"INFO","message":"No projects found for user","metadata":{"userId":"676b5e8d-656e-4fba-802c-89978d73361b"}}
{"timestamp":"2025-09-25T15:36:24.992Z","level":"INFO","message":"No projects found for user","metadata":{"userId":"676b5e8d-656e-4fba-802c-89978d73361b"}}
{"timestamp":"2025-09-25T15:36:25.088Z","level":"INFO","message":"User statistics retrieved successfully","metadata":{"userId":"676b5e8d-656e-4fba-802c-89978d73361b","totalTasks":0,"completedTasks":0,"inProgressTasks":0,"overdueTasks":0,"totalProjects":0,"activeProjects":0,"completedProjects":0}}
{"timestamp":"2025-09-25T15:36:25.089Z","level":"INFO","message":"Dashboard data retrieved successfully","metadata":{"userId":"676b5e8d-656e-4fba-802c-89978d73361b","userRole":"user","statsDays":30,"recentTasksCount":0,"recentActivitiesCount":0,"projectsCount":0,"includedSections":["stats","recentTasks","recentActivities","projects"]}}
{"timestamp":"2025-09-25T15:36:55.889Z","level":"INFO","message":"No projects found for user","metadata":{"userId":"676b5e8d-656e-4fba-802c-89978d73361b"}}
{"timestamp":"2025-09-25T15:36:55.963Z","level":"INFO","message":"No projects found for user","metadata":{"userId":"676b5e8d-656e-4fba-802c-89978d73361b"}}
{"timestamp":"2025-09-25T15:36:56.061Z","level":"INFO","message":"User statistics retrieved successfully","metadata":{"userId":"676b5e8d-656e-4fba-802c-89978d73361b","totalTasks":0,"completedTasks":0,"inProgressTasks":0,"overdueTasks":0,"totalProjects":0,"activeProjects":0,"completedProjects":0}}
{"timestamp":"2025-09-25T15:36:56.061Z","level":"INFO","message":"Dashboard data retrieved successfully","metadata":{"userId":"676b5e8d-656e-4fba-802c-89978d73361b","userRole":"user","statsDays":30,"recentTasksCount":0,"recentActivitiesCount":0,"projectsCount":0,"includedSections":["stats","recentTasks","recentActivities","projects"]}}
{"timestamp":"2025-09-25T15:37:27.941Z","level":"INFO","message":"No projects found for user","metadata":{"userId":"676b5e8d-656e-4fba-802c-89978d73361b"}}
{"timestamp":"2025-09-25T15:37:27.961Z","level":"INFO","message":"No projects found for user","metadata":{"userId":"676b5e8d-656e-4fba-802c-89978d73361b"}}
{"timestamp":"2025-09-25T15:37:28.057Z","level":"INFO","message":"User statistics retrieved successfully","metadata":{"userId":"676b5e8d-656e-4fba-802c-89978d73361b","totalTasks":0,"completedTasks":0,"inProgressTasks":0,"overdueTasks":0,"totalProjects":0,"activeProjects":0,"completedProjects":0}}
{"timestamp":"2025-09-25T15:37:28.058Z","level":"INFO","message":"Dashboard data retrieved successfully","metadata":{"userId":"676b5e8d-656e-4fba-802c-89978d73361b","userRole":"user","statsDays":30,"recentTasksCount":0,"recentActivitiesCount":0,"projectsCount":0,"includedSections":["stats","recentTasks","recentActivities","projects"]}}
{"timestamp":"2025-09-25T15:37:58.931Z","level":"INFO","message":"No projects found for user","metadata":{"userId":"676b5e8d-656e-4fba-802c-89978d73361b"}}
{"timestamp":"2025-09-25T15:37:58.996Z","level":"INFO","message":"No projects found for user","metadata":{"userId":"676b5e8d-656e-4fba-802c-89978d73361b"}}
{"timestamp":"2025-09-25T15:37:59.093Z","level":"INFO","message":"User statistics retrieved successfully","metadata":{"userId":"676b5e8d-656e-4fba-802c-89978d73361b","totalTasks":0,"completedTasks":0,"inProgressTasks":0,"overdueTasks":0,"totalProjects":0,"activeProjects":0,"completedProjects":0}}
{"timestamp":"2025-09-25T15:37:59.094Z","level":"INFO","message":"Dashboard data retrieved successfully","metadata":{"userId":"676b5e8d-656e-4fba-802c-89978d73361b","userRole":"user","statsDays":30,"recentTasksCount":0,"recentActivitiesCount":0,"projectsCount":0,"includedSections":["stats","recentTasks","recentActivities","projects"]}}
{"timestamp":"2025-09-25T15:38:29.941Z","level":"INFO","message":"No projects found for user","metadata":{"userId":"676b5e8d-656e-4fba-802c-89978d73361b"}}
{"timestamp":"2025-09-25T15:38:29.979Z","level":"INFO","message":"No projects found for user","metadata":{"userId":"676b5e8d-656e-4fba-802c-89978d73361b"}}
{"timestamp":"2025-09-25T15:38:30.093Z","level":"INFO","message":"User statistics retrieved successfully","metadata":{"userId":"676b5e8d-656e-4fba-802c-89978d73361b","totalTasks":0,"completedTasks":0,"inProgressTasks":0,"overdueTasks":0,"totalProjects":0,"activeProjects":0,"completedProjects":0}}
{"timestamp":"2025-09-25T15:38:30.094Z","level":"INFO","message":"Dashboard data retrieved successfully","metadata":{"userId":"676b5e8d-656e-4fba-802c-89978d73361b","userRole":"user","statsDays":30,"recentTasksCount":0,"recentActivitiesCount":0,"projectsCount":0,"includedSections":["stats","recentTasks","recentActivities","projects"]}}
{"timestamp":"2025-09-25T15:39:00.958Z","level":"INFO","message":"No projects found for user","metadata":{"userId":"676b5e8d-656e-4fba-802c-89978d73361b"}}
{"timestamp":"2025-09-25T15:39:00.978Z","level":"INFO","message":"No projects found for user","metadata":{"userId":"676b5e8d-656e-4fba-802c-89978d73361b"}}
{"timestamp":"2025-09-25T15:39:01.081Z","level":"INFO","message":"User statistics retrieved successfully","metadata":{"userId":"676b5e8d-656e-4fba-802c-89978d73361b","totalTasks":0,"completedTasks":0,"inProgressTasks":0,"overdueTasks":0,"totalProjects":0,"activeProjects":0,"completedProjects":0}}
{"timestamp":"2025-09-25T15:39:01.082Z","level":"INFO","message":"Dashboard data retrieved successfully","metadata":{"userId":"676b5e8d-656e-4fba-802c-89978d73361b","userRole":"user","statsDays":30,"recentTasksCount":0,"recentActivitiesCount":0,"projectsCount":0,"includedSections":["stats","recentTasks","recentActivities","projects"]}}
{"timestamp":"2025-09-25T15:39:32.035Z","level":"INFO","message":"No projects found for user","metadata":{"userId":"676b5e8d-656e-4fba-802c-89978d73361b"}}
{"timestamp":"2025-09-25T15:39:32.044Z","level":"INFO","message":"No projects found for user","metadata":{"userId":"676b5e8d-656e-4fba-802c-89978d73361b"}}
{"timestamp":"2025-09-25T15:39:32.139Z","level":"INFO","message":"User statistics retrieved successfully","metadata":{"userId":"676b5e8d-656e-4fba-802c-89978d73361b","totalTasks":0,"completedTasks":0,"inProgressTasks":0,"overdueTasks":0,"totalProjects":0,"activeProjects":0,"completedProjects":0}}
{"timestamp":"2025-09-25T15:39:32.140Z","level":"INFO","message":"Dashboard data retrieved successfully","metadata":{"userId":"676b5e8d-656e-4fba-802c-89978d73361b","userRole":"user","statsDays":30,"recentTasksCount":0,"recentActivitiesCount":0,"projectsCount":0,"includedSections":["stats","recentTasks","recentActivities","projects"]}}
{"timestamp":"2025-09-25T15:40:02.969Z","level":"INFO","message":"No projects found for user","metadata":{"userId":"676b5e8d-656e-4fba-802c-89978d73361b"}}
{"timestamp":"2025-09-25T15:40:02.992Z","level":"INFO","message":"No projects found for user","metadata":{"userId":"676b5e8d-656e-4fba-802c-89978d73361b"}}
{"timestamp":"2025-09-25T15:40:03.086Z","level":"INFO","message":"User statistics retrieved successfully","metadata":{"userId":"676b5e8d-656e-4fba-802c-89978d73361b","totalTasks":0,"completedTasks":0,"inProgressTasks":0,"overdueTasks":0,"totalProjects":0,"activeProjects":0,"completedProjects":0}}
{"timestamp":"2025-09-25T15:40:03.086Z","level":"INFO","message":"Dashboard data retrieved successfully","metadata":{"userId":"676b5e8d-656e-4fba-802c-89978d73361b","userRole":"user","statsDays":30,"recentTasksCount":0,"recentActivitiesCount":0,"projectsCount":0,"includedSections":["stats","recentTasks","recentActivities","projects"]}}
{"timestamp":"2025-09-25T15:40:09.424Z","level":"INFO","message":"No projects found for user","metadata":{"userId":"676b5e8d-656e-4fba-802c-89978d73361b"}}
{"timestamp":"2025-09-25T15:40:09.435Z","level":"INFO","message":"No projects found for user","metadata":{"userId":"676b5e8d-656e-4fba-802c-89978d73361b"}}
{"timestamp":"2025-09-25T15:40:09.544Z","level":"INFO","message":"User statistics retrieved successfully","metadata":{"userId":"676b5e8d-656e-4fba-802c-89978d73361b","totalTasks":0,"completedTasks":0,"inProgressTasks":0,"overdueTasks":0,"totalProjects":0,"activeProjects":0,"completedProjects":0}}
{"timestamp":"2025-09-25T15:40:09.544Z","level":"INFO","message":"Dashboard data retrieved successfully","metadata":{"userId":"676b5e8d-656e-4fba-802c-89978d73361b","userRole":"user","statsDays":30,"recentTasksCount":0,"recentActivitiesCount":0,"projectsCount":0,"includedSections":["stats","recentTasks","recentActivities","projects"]}}
{"timestamp":"2025-09-25T15:40:35.684Z","level":"INFO","message":"No projects found for user","metadata":{"userId":"676b5e8d-656e-4fba-802c-89978d73361b"}}
{"timestamp":"2025-09-25T15:40:35.762Z","level":"INFO","message":"No projects found for user","metadata":{"userId":"676b5e8d-656e-4fba-802c-89978d73361b"}}
{"timestamp":"2025-09-25T15:40:35.851Z","level":"INFO","message":"User statistics retrieved successfully","metadata":{"userId":"676b5e8d-656e-4fba-802c-89978d73361b","totalTasks":0,"completedTasks":0,"inProgressTasks":0,"overdueTasks":0,"totalProjects":0,"activeProjects":0,"completedProjects":0}}
{"timestamp":"2025-09-25T15:40:35.853Z","level":"INFO","message":"Dashboard data retrieved successfully","metadata":{"userId":"676b5e8d-656e-4fba-802c-89978d73361b","userRole":"user","statsDays":30,"recentTasksCount":0,"recentActivitiesCount":0,"projectsCount":0,"includedSections":["stats","recentTasks","recentActivities","projects"]}}
{"timestamp":"2025-09-25T15:41:06.945Z","level":"INFO","message":"No projects found for user","metadata":{"userId":"676b5e8d-656e-4fba-802c-89978d73361b"}}
{"timestamp":"2025-09-25T15:41:07.012Z","level":"INFO","message":"No projects found for user","metadata":{"userId":"676b5e8d-656e-4fba-802c-89978d73361b"}}
{"timestamp":"2025-09-25T15:41:07.106Z","level":"INFO","message":"User statistics retrieved successfully","metadata":{"userId":"676b5e8d-656e-4fba-802c-89978d73361b","totalTasks":0,"completedTasks":0,"inProgressTasks":0,"overdueTasks":0,"totalProjects":0,"activeProjects":0,"completedProjects":0}}
{"timestamp":"2025-09-25T15:41:07.107Z","level":"INFO","message":"Dashboard data retrieved successfully","metadata":{"userId":"676b5e8d-656e-4fba-802c-89978d73361b","userRole":"user","statsDays":30,"recentTasksCount":0,"recentActivitiesCount":0,"projectsCount":0,"includedSections":["stats","recentTasks","recentActivities","projects"]}}
{"timestamp":"2025-09-25T15:41:37.956Z","level":"INFO","message":"No projects found for user","metadata":{"userId":"676b5e8d-656e-4fba-802c-89978d73361b"}}
{"timestamp":"2025-09-25T15:41:37.991Z","level":"INFO","message":"No projects found for user","metadata":{"userId":"676b5e8d-656e-4fba-802c-89978d73361b"}}
{"timestamp":"2025-09-25T15:41:38.092Z","level":"INFO","message":"User statistics retrieved successfully","metadata":{"userId":"676b5e8d-656e-4fba-802c-89978d73361b","totalTasks":0,"completedTasks":0,"inProgressTasks":0,"overdueTasks":0,"totalProjects":0,"activeProjects":0,"completedProjects":0}}
{"timestamp":"2025-09-25T15:41:38.093Z","level":"INFO","message":"Dashboard data retrieved successfully","metadata":{"userId":"676b5e8d-656e-4fba-802c-89978d73361b","userRole":"user","statsDays":30,"recentTasksCount":0,"recentActivitiesCount":0,"projectsCount":0,"includedSections":["stats","recentTasks","recentActivities","projects"]}}
{"timestamp":"2025-09-25T15:42:08.973Z","level":"INFO","message":"No projects found for user","metadata":{"userId":"676b5e8d-656e-4fba-802c-89978d73361b"}}
{"timestamp":"2025-09-25T15:42:09.069Z","level":"INFO","message":"No projects found for user","metadata":{"userId":"676b5e8d-656e-4fba-802c-89978d73361b"}}
{"timestamp":"2025-09-25T15:42:09.171Z","level":"INFO","message":"User statistics retrieved successfully","metadata":{"userId":"676b5e8d-656e-4fba-802c-89978d73361b","totalTasks":0,"completedTasks":0,"inProgressTasks":0,"overdueTasks":0,"totalProjects":0,"activeProjects":0,"completedProjects":0}}
{"timestamp":"2025-09-25T15:42:09.172Z","level":"INFO","message":"Dashboard data retrieved successfully","metadata":{"userId":"676b5e8d-656e-4fba-802c-89978d73361b","userRole":"user","statsDays":30,"recentTasksCount":0,"recentActivitiesCount":0,"projectsCount":0,"includedSections":["stats","recentTasks","recentActivities","projects"]}}
{"timestamp":"2025-09-25T15:42:40.126Z","level":"INFO","message":"No projects found for user","metadata":{"userId":"676b5e8d-656e-4fba-802c-89978d73361b"}}
{"timestamp":"2025-09-25T15:42:40.137Z","level":"INFO","message":"No projects found for user","metadata":{"userId":"676b5e8d-656e-4fba-802c-89978d73361b"}}
{"timestamp":"2025-09-25T15:42:40.232Z","level":"INFO","message":"User statistics retrieved successfully","metadata":{"userId":"676b5e8d-656e-4fba-802c-89978d73361b","totalTasks":0,"completedTasks":0,"inProgressTasks":0,"overdueTasks":0,"totalProjects":0,"activeProjects":0,"completedProjects":0}}
{"timestamp":"2025-09-25T15:42:40.233Z","level":"INFO","message":"Dashboard data retrieved successfully","metadata":{"userId":"676b5e8d-656e-4fba-802c-89978d73361b","userRole":"user","statsDays":30,"recentTasksCount":0,"recentActivitiesCount":0,"projectsCount":0,"includedSections":["stats","recentTasks","recentActivities","projects"]}}
{"timestamp":"2025-09-25T15:43:12.088Z","level":"INFO","message":"No projects found for user","metadata":{"userId":"676b5e8d-656e-4fba-802c-89978d73361b"}}
{"timestamp":"2025-09-25T15:43:12.099Z","level":"INFO","message":"No projects found for user","metadata":{"userId":"676b5e8d-656e-4fba-802c-89978d73361b"}}
{"timestamp":"2025-09-25T15:43:12.190Z","level":"INFO","message":"User statistics retrieved successfully","metadata":{"userId":"676b5e8d-656e-4fba-802c-89978d73361b","totalTasks":0,"completedTasks":0,"inProgressTasks":0,"overdueTasks":0,"totalProjects":0,"activeProjects":0,"completedProjects":0}}
{"timestamp":"2025-09-25T15:43:12.191Z","level":"INFO","message":"Dashboard data retrieved successfully","metadata":{"userId":"676b5e8d-656e-4fba-802c-89978d73361b","userRole":"user","statsDays":30,"recentTasksCount":0,"recentActivitiesCount":0,"projectsCount":0,"includedSections":["stats","recentTasks","recentActivities","projects"]}}
{"timestamp":"2025-09-25T15:43:43.967Z","level":"INFO","message":"No projects found for user","metadata":{"userId":"676b5e8d-656e-4fba-802c-89978d73361b"}}
{"timestamp":"2025-09-25T15:43:44.036Z","level":"INFO","message":"No projects found for user","metadata":{"userId":"676b5e8d-656e-4fba-802c-89978d73361b"}}
{"timestamp":"2025-09-25T15:43:44.138Z","level":"INFO","message":"User statistics retrieved successfully","metadata":{"userId":"676b5e8d-656e-4fba-802c-89978d73361b","totalTasks":0,"completedTasks":0,"inProgressTasks":0,"overdueTasks":0,"totalProjects":0,"activeProjects":0,"completedProjects":0}}
{"timestamp":"2025-09-25T15:43:44.139Z","level":"INFO","message":"Dashboard data retrieved successfully","metadata":{"userId":"676b5e8d-656e-4fba-802c-89978d73361b","userRole":"user","statsDays":30,"recentTasksCount":0,"recentActivitiesCount":0,"projectsCount":0,"includedSections":["stats","recentTasks","recentActivities","projects"]}}
{"timestamp":"2025-09-25T15:44:15.160Z","level":"INFO","message":"No projects found for user","metadata":{"userId":"676b5e8d-656e-4fba-802c-89978d73361b"}}
{"timestamp":"2025-09-25T15:44:15.211Z","level":"INFO","message":"No projects found for user","metadata":{"userId":"676b5e8d-656e-4fba-802c-89978d73361b"}}
{"timestamp":"2025-09-25T15:44:15.316Z","level":"INFO","message":"User statistics retrieved successfully","metadata":{"userId":"676b5e8d-656e-4fba-802c-89978d73361b","totalTasks":0,"completedTasks":0,"inProgressTasks":0,"overdueTasks":0,"totalProjects":0,"activeProjects":0,"completedProjects":0}}
{"timestamp":"2025-09-25T15:44:15.318Z","level":"INFO","message":"Dashboard data retrieved successfully","metadata":{"userId":"676b5e8d-656e-4fba-802c-89978d73361b","userRole":"user","statsDays":30,"recentTasksCount":0,"recentActivitiesCount":0,"projectsCount":0,"includedSections":["stats","recentTasks","recentActivities","projects"]}}
{"timestamp":"2025-09-25T15:44:47.157Z","level":"INFO","message":"No projects found for user","metadata":{"userId":"676b5e8d-656e-4fba-802c-89978d73361b"}}
{"timestamp":"2025-09-25T15:44:47.222Z","level":"INFO","message":"No projects found for user","metadata":{"userId":"676b5e8d-656e-4fba-802c-89978d73361b"}}
{"timestamp":"2025-09-25T15:44:47.318Z","level":"INFO","message":"User statistics retrieved successfully","metadata":{"userId":"676b5e8d-656e-4fba-802c-89978d73361b","totalTasks":0,"completedTasks":0,"inProgressTasks":0,"overdueTasks":0,"totalProjects":0,"activeProjects":0,"completedProjects":0}}
{"timestamp":"2025-09-25T15:44:47.318Z","level":"INFO","message":"Dashboard data retrieved successfully","metadata":{"userId":"676b5e8d-656e-4fba-802c-89978d73361b","userRole":"user","statsDays":30,"recentTasksCount":0,"recentActivitiesCount":0,"projectsCount":0,"includedSections":["stats","recentTasks","recentActivities","projects"]}}
{"timestamp":"2025-09-25T15:45:19.032Z","level":"INFO","message":"No projects found for user","metadata":{"userId":"676b5e8d-656e-4fba-802c-89978d73361b"}}
{"timestamp":"2025-09-25T15:45:19.050Z","level":"INFO","message":"No projects found for user","metadata":{"userId":"676b5e8d-656e-4fba-802c-89978d73361b"}}
{"timestamp":"2025-09-25T15:45:19.148Z","level":"INFO","message":"User statistics retrieved successfully","metadata":{"userId":"676b5e8d-656e-4fba-802c-89978d73361b","totalTasks":0,"completedTasks":0,"inProgressTasks":0,"overdueTasks":0,"totalProjects":0,"activeProjects":0,"completedProjects":0}}
{"timestamp":"2025-09-25T15:45:19.149Z","level":"INFO","message":"Dashboard data retrieved successfully","metadata":{"userId":"676b5e8d-656e-4fba-802c-89978d73361b","userRole":"user","statsDays":30,"recentTasksCount":0,"recentActivitiesCount":0,"projectsCount":0,"includedSections":["stats","recentTasks","recentActivities","projects"]}}
{"timestamp":"2025-09-25T15:45:50.034Z","level":"INFO","message":"No projects found for user","metadata":{"userId":"676b5e8d-656e-4fba-802c-89978d73361b"}}
{"timestamp":"2025-09-25T15:45:50.039Z","level":"INFO","message":"No projects found for user","metadata":{"userId":"676b5e8d-656e-4fba-802c-89978d73361b"}}
{"timestamp":"2025-09-25T15:45:50.150Z","level":"INFO","message":"User statistics retrieved successfully","metadata":{"userId":"676b5e8d-656e-4fba-802c-89978d73361b","totalTasks":0,"completedTasks":0,"inProgressTasks":0,"overdueTasks":0,"totalProjects":0,"activeProjects":0,"completedProjects":0}}
{"timestamp":"2025-09-25T15:45:50.151Z","level":"INFO","message":"Dashboard data retrieved successfully","metadata":{"userId":"676b5e8d-656e-4fba-802c-89978d73361b","userRole":"user","statsDays":30,"recentTasksCount":0,"recentActivitiesCount":0,"projectsCount":0,"includedSections":["stats","recentTasks","recentActivities","projects"]}}
{"timestamp":"2025-09-25T15:46:20.991Z","level":"INFO","message":"No projects found for user","metadata":{"userId":"676b5e8d-656e-4fba-802c-89978d73361b"}}
{"timestamp":"2025-09-25T15:46:21.014Z","level":"INFO","message":"No projects found for user","metadata":{"userId":"676b5e8d-656e-4fba-802c-89978d73361b"}}
{"timestamp":"2025-09-25T15:46:21.149Z","level":"INFO","message":"User statistics retrieved successfully","metadata":{"userId":"676b5e8d-656e-4fba-802c-89978d73361b","totalTasks":0,"completedTasks":0,"inProgressTasks":0,"overdueTasks":0,"totalProjects":0,"activeProjects":0,"completedProjects":0}}
{"timestamp":"2025-09-25T15:46:21.151Z","level":"INFO","message":"Dashboard data retrieved successfully","metadata":{"userId":"676b5e8d-656e-4fba-802c-89978d73361b","userRole":"user","statsDays":30,"recentTasksCount":0,"recentActivitiesCount":0,"projectsCount":0,"includedSections":["stats","recentTasks","recentActivities","projects"]}}
{"timestamp":"2025-09-25T15:46:51.990Z","level":"INFO","message":"No projects found for user","metadata":{"userId":"676b5e8d-656e-4fba-802c-89978d73361b"}}
{"timestamp":"2025-09-25T15:46:52.007Z","level":"INFO","message":"No projects found for user","metadata":{"userId":"676b5e8d-656e-4fba-802c-89978d73361b"}}
{"timestamp":"2025-09-25T15:46:52.101Z","level":"INFO","message":"User statistics retrieved successfully","metadata":{"userId":"676b5e8d-656e-4fba-802c-89978d73361b","totalTasks":0,"completedTasks":0,"inProgressTasks":0,"overdueTasks":0,"totalProjects":0,"activeProjects":0,"completedProjects":0}}
{"timestamp":"2025-09-25T15:46:52.113Z","level":"INFO","message":"Dashboard data retrieved successfully","metadata":{"userId":"676b5e8d-656e-4fba-802c-89978d73361b","userRole":"user","statsDays":30,"recentTasksCount":0,"recentActivitiesCount":0,"projectsCount":0,"includedSections":["stats","recentTasks","recentActivities","projects"]}}
{"timestamp":"2025-09-25T15:47:23.024Z","level":"INFO","message":"No projects found for user","metadata":{"userId":"676b5e8d-656e-4fba-802c-89978d73361b"}}
{"timestamp":"2025-09-25T15:47:23.059Z","level":"INFO","message":"No projects found for user","metadata":{"userId":"676b5e8d-656e-4fba-802c-89978d73361b"}}
{"timestamp":"2025-09-25T15:47:23.158Z","level":"INFO","message":"User statistics retrieved successfully","metadata":{"userId":"676b5e8d-656e-4fba-802c-89978d73361b","totalTasks":0,"completedTasks":0,"inProgressTasks":0,"overdueTasks":0,"totalProjects":0,"activeProjects":0,"completedProjects":0}}
{"timestamp":"2025-09-25T15:47:23.159Z","level":"INFO","message":"Dashboard data retrieved successfully","metadata":{"userId":"676b5e8d-656e-4fba-802c-89978d73361b","userRole":"user","statsDays":30,"recentTasksCount":0,"recentActivitiesCount":0,"projectsCount":0,"includedSections":["stats","recentTasks","recentActivities","projects"]}}
{"timestamp":"2025-09-25T15:47:53.991Z","level":"INFO","message":"No projects found for user","metadata":{"userId":"676b5e8d-656e-4fba-802c-89978d73361b"}}
{"timestamp":"2025-09-25T15:47:54.003Z","level":"INFO","message":"No projects found for user","metadata":{"userId":"676b5e8d-656e-4fba-802c-89978d73361b"}}
{"timestamp":"2025-09-25T15:47:54.110Z","level":"INFO","message":"User statistics retrieved successfully","metadata":{"userId":"676b5e8d-656e-4fba-802c-89978d73361b","totalTasks":0,"completedTasks":0,"inProgressTasks":0,"overdueTasks":0,"totalProjects":0,"activeProjects":0,"completedProjects":0}}
{"timestamp":"2025-09-25T15:47:54.112Z","level":"INFO","message":"Dashboard data retrieved successfully","metadata":{"userId":"676b5e8d-656e-4fba-802c-89978d73361b","userRole":"user","statsDays":30,"recentTasksCount":0,"recentActivitiesCount":0,"projectsCount":0,"includedSections":["stats","recentTasks","recentActivities","projects"]}}
{"timestamp":"2025-09-25T15:48:01.413Z","level":"INFO","message":"No projects found for user","metadata":{"userId":"676b5e8d-656e-4fba-802c-89978d73361b"}}
{"timestamp":"2025-09-25T15:48:01.453Z","level":"INFO","message":"No projects found for user","metadata":{"userId":"676b5e8d-656e-4fba-802c-89978d73361b"}}
{"timestamp":"2025-09-25T15:48:01.523Z","level":"INFO","message":"User statistics retrieved successfully","metadata":{"userId":"676b5e8d-656e-4fba-802c-89978d73361b","totalTasks":0,"completedTasks":0,"inProgressTasks":0,"overdueTasks":0,"totalProjects":0,"activeProjects":0,"completedProjects":0}}
{"timestamp":"2025-09-25T15:48:01.524Z","level":"INFO","message":"Dashboard data retrieved successfully","metadata":{"userId":"676b5e8d-656e-4fba-802c-89978d73361b","userRole":"user","statsDays":30,"recentTasksCount":0,"recentActivitiesCount":0,"projectsCount":0,"includedSections":["stats","recentTasks","recentActivities","projects"]}}
{"timestamp":"2025-09-25T15:48:12.749Z","level":"INFO","message":"No projects found for user","metadata":{"userId":"676b5e8d-656e-4fba-802c-89978d73361b"}}
{"timestamp":"2025-09-25T15:48:12.841Z","level":"INFO","message":"No projects found for user","metadata":{"userId":"676b5e8d-656e-4fba-802c-89978d73361b"}}
{"timestamp":"2025-09-25T15:48:12.987Z","level":"INFO","message":"User statistics retrieved successfully","metadata":{"userId":"676b5e8d-656e-4fba-802c-89978d73361b","totalTasks":0,"completedTasks":0,"inProgressTasks":0,"overdueTasks":0,"totalProjects":0,"activeProjects":0,"completedProjects":0}}
{"timestamp":"2025-09-25T15:48:12.988Z","level":"INFO","message":"Dashboard data retrieved successfully","metadata":{"userId":"676b5e8d-656e-4fba-802c-89978d73361b","userRole":"user","statsDays":30,"recentTasksCount":0,"recentActivitiesCount":0,"projectsCount":0,"includedSections":["stats","recentTasks","recentActivities","projects"]}}
{"timestamp":"2025-09-25T15:48:38.754Z","level":"INFO","message":"No projects found for user","metadata":{"userId":"676b5e8d-656e-4fba-802c-89978d73361b"}}
{"timestamp":"2025-09-25T15:48:38.810Z","level":"INFO","message":"No projects found for user","metadata":{"userId":"676b5e8d-656e-4fba-802c-89978d73361b"}}
{"timestamp":"2025-09-25T15:48:38.916Z","level":"INFO","message":"User statistics retrieved successfully","metadata":{"userId":"676b5e8d-656e-4fba-802c-89978d73361b","totalTasks":0,"completedTasks":0,"inProgressTasks":0,"overdueTasks":0,"totalProjects":0,"activeProjects":0,"completedProjects":0}}
{"timestamp":"2025-09-25T15:48:38.917Z","level":"INFO","message":"Dashboard data retrieved successfully","metadata":{"userId":"676b5e8d-656e-4fba-802c-89978d73361b","userRole":"user","statsDays":30,"recentTasksCount":0,"recentActivitiesCount":0,"projectsCount":0,"includedSections":["stats","recentTasks","recentActivities","projects"]}}
{"timestamp":"2025-09-25T15:49:10.117Z","level":"INFO","message":"No projects found for user","metadata":{"userId":"676b5e8d-656e-4fba-802c-89978d73361b"}}
{"timestamp":"2025-09-25T15:49:10.133Z","level":"INFO","message":"No projects found for user","metadata":{"userId":"676b5e8d-656e-4fba-802c-89978d73361b"}}
{"timestamp":"2025-09-25T15:49:10.233Z","level":"INFO","message":"User statistics retrieved successfully","metadata":{"userId":"676b5e8d-656e-4fba-802c-89978d73361b","totalTasks":0,"completedTasks":0,"inProgressTasks":0,"overdueTasks":0,"totalProjects":0,"activeProjects":0,"completedProjects":0}}
{"timestamp":"2025-09-25T15:49:10.234Z","level":"INFO","message":"Dashboard data retrieved successfully","metadata":{"userId":"676b5e8d-656e-4fba-802c-89978d73361b","userRole":"user","statsDays":30,"recentTasksCount":0,"recentActivitiesCount":0,"projectsCount":0,"includedSections":["stats","recentTasks","recentActivities","projects"]}}
{"timestamp":"2025-09-25T15:51:11.448Z","level":"WARN","message":"Registration attempt with existing email","metadata":{"email":"newuseree@example.com"}}
{"timestamp":"2025-09-25T15:51:20.524Z","level":"INFO","message":"User registered successfully","metadata":{"userId":"1d4a0db5-7124-4468-b82a-786e55bc17f4","email":"newuserfdfdee@example.com"}}
{"timestamp":"2025-09-25T15:51:50.323Z","level":"INFO","message":"User logged in successfully","metadata":{"userId":"1d4a0db5-7124-4468-b82a-786e55bc17f4","email":"newuserfdfdee@example.com"}}
{"timestamp":"2025-09-25T15:51:51.631Z","level":"INFO","message":"Admin statistics retrieved successfully","metadata":{"totalTasks":0,"completedTasks":0,"inProgressTasks":0,"overdueTasks":0,"totalProjects":0,"activeProjects":0,"completedProjects":0,"totalUsers":11,"activeUsers":0}}
{"timestamp":"2025-09-25T15:51:51.635Z","level":"INFO","message":"Dashboard data retrieved successfully","metadata":{"userId":"1d4a0db5-7124-4468-b82a-786e55bc17f4","userRole":"admin","statsDays":30,"recentTasksCount":0,"recentActivitiesCount":0,"projectsCount":0,"includedSections":["stats","recentTasks","recentActivities","projects"]}}
{"timestamp":"2025-09-25T16:06:08.741Z","level":"INFO","message":"Admin statistics retrieved successfully","metadata":{"totalTasks":0,"completedTasks":0,"inProgressTasks":0,"overdueTasks":0,"totalProjects":1,"activeProjects":0,"completedProjects":0,"totalUsers":11,"activeUsers":0}}
{"timestamp":"2025-09-25T16:06:08.926Z","level":"INFO","message":"Dashboard data retrieved successfully","metadata":{"userId":"1d4a0db5-7124-4468-b82a-786e55bc17f4","userRole":"admin","statsDays":30,"recentTasksCount":0,"recentActivitiesCount":0,"projectsCount":1,"includedSections":["stats","recentTasks","recentActivities","projects"]}}
{"timestamp":"2025-09-25T16:07:09.278Z","level":"INFO","message":"Admin statistics retrieved successfully","metadata":{"totalTasks":0,"completedTasks":0,"inProgressTasks":0,"overdueTasks":0,"totalProjects":1,"activeProjects":0,"completedProjects":0,"totalUsers":11,"activeUsers":0}}
{"timestamp":"2025-09-25T16:07:09.354Z","level":"INFO","message":"Dashboard data retrieved successfully","metadata":{"userId":"1d4a0db5-7124-4468-b82a-786e55bc17f4","userRole":"admin","statsDays":30,"recentTasksCount":0,"recentActivitiesCount":0,"projectsCount":1,"includedSections":["stats","recentTasks","recentActivities","projects"]}}
{"timestamp":"2025-09-25T16:07:41.085Z","level":"INFO","message":"Admin statistics retrieved successfully","metadata":{"totalTasks":0,"completedTasks":0,"inProgressTasks":0,"overdueTasks":0,"totalProjects":1,"activeProjects":0,"completedProjects":0,"totalUsers":11,"activeUsers":0}}
{"timestamp":"2025-09-25T16:07:41.108Z","level":"INFO","message":"Dashboard data retrieved successfully","metadata":{"userId":"1d4a0db5-7124-4468-b82a-786e55bc17f4","userRole":"admin","statsDays":30,"recentTasksCount":0,"recentActivitiesCount":0,"projectsCount":1,"includedSections":["stats","recentTasks","recentActivities","projects"]}}
{"timestamp":"2025-09-25T16:08:12.089Z","level":"INFO","message":"Admin statistics retrieved successfully","metadata":{"totalTasks":0,"completedTasks":0,"inProgressTasks":0,"overdueTasks":0,"totalProjects":1,"activeProjects":0,"completedProjects":0,"totalUsers":11,"activeUsers":0}}
{"timestamp":"2025-09-25T16:08:12.179Z","level":"INFO","message":"Dashboard data retrieved successfully","metadata":{"userId":"1d4a0db5-7124-4468-b82a-786e55bc17f4","userRole":"admin","statsDays":30,"recentTasksCount":0,"recentActivitiesCount":0,"projectsCount":1,"includedSections":["stats","recentTasks","recentActivities","projects"]}}
{"timestamp":"2025-09-25T16:08:44.386Z","level":"INFO","message":"Admin statistics retrieved successfully","metadata":{"totalTasks":0,"completedTasks":0,"inProgressTasks":0,"overdueTasks":0,"totalProjects":1,"activeProjects":0,"completedProjects":0,"totalUsers":11,"activeUsers":0}}
{"timestamp":"2025-09-25T16:08:44.389Z","level":"INFO","message":"Dashboard data retrieved successfully","metadata":{"userId":"1d4a0db5-7124-4468-b82a-786e55bc17f4","userRole":"admin","statsDays":30,"recentTasksCount":0,"recentActivitiesCount":0,"projectsCount":1,"includedSections":["stats","recentTasks","recentActivities","projects"]}}
{"timestamp":"2025-09-25T16:09:16.124Z","level":"INFO","message":"Admin statistics retrieved successfully","metadata":{"totalTasks":0,"completedTasks":0,"inProgressTasks":0,"overdueTasks":0,"totalProjects":1,"activeProjects":0,"completedProjects":0,"totalUsers":11,"activeUsers":0}}
{"timestamp":"2025-09-25T16:09:16.174Z","level":"INFO","message":"Dashboard data retrieved successfully","metadata":{"userId":"1d4a0db5-7124-4468-b82a-786e55bc17f4","userRole":"admin","statsDays":30,"recentTasksCount":0,"recentActivitiesCount":0,"projectsCount":1,"includedSections":["stats","recentTasks","recentActivities","projects"]}}
{"timestamp":"2025-09-25T16:09:47.088Z","level":"INFO","message":"Admin statistics retrieved successfully","metadata":{"totalTasks":0,"completedTasks":0,"inProgressTasks":0,"overdueTasks":0,"totalProjects":1,"activeProjects":0,"completedProjects":0,"totalUsers":11,"activeUsers":0}}
{"timestamp":"2025-09-25T16:09:47.165Z","level":"INFO","message":"Dashboard data retrieved successfully","metadata":{"userId":"1d4a0db5-7124-4468-b82a-786e55bc17f4","userRole":"admin","statsDays":30,"recentTasksCount":0,"recentActivitiesCount":0,"projectsCount":1,"includedSections":["stats","recentTasks","recentActivities","projects"]}}
{"timestamp":"2025-09-25T16:10:19.129Z","level":"INFO","message":"Admin statistics retrieved successfully","metadata":{"totalTasks":0,"completedTasks":0,"inProgressTasks":0,"overdueTasks":0,"totalProjects":1,"activeProjects":0,"completedProjects":0,"totalUsers":11,"activeUsers":0}}
{"timestamp":"2025-09-25T16:10:19.224Z","level":"INFO","message":"Dashboard data retrieved successfully","metadata":{"userId":"1d4a0db5-7124-4468-b82a-786e55bc17f4","userRole":"admin","statsDays":30,"recentTasksCount":0,"recentActivitiesCount":0,"projectsCount":1,"includedSections":["stats","recentTasks","recentActivities","projects"]}}
{"timestamp":"2025-09-25T16:10:51.227Z","level":"INFO","message":"Admin statistics retrieved successfully","metadata":{"totalTasks":0,"completedTasks":0,"inProgressTasks":0,"overdueTasks":0,"totalProjects":1,"activeProjects":0,"completedProjects":0,"totalUsers":11,"activeUsers":0}}
{"timestamp":"2025-09-25T16:10:51.229Z","level":"INFO","message":"Dashboard data retrieved successfully","metadata":{"userId":"1d4a0db5-7124-4468-b82a-786e55bc17f4","userRole":"admin","statsDays":30,"recentTasksCount":0,"recentActivitiesCount":0,"projectsCount":1,"includedSections":["stats","recentTasks","recentActivities","projects"]}}
{"timestamp":"2025-09-25T16:11:23.150Z","level":"INFO","message":"Admin statistics retrieved successfully","metadata":{"totalTasks":0,"completedTasks":0,"inProgressTasks":0,"overdueTasks":0,"totalProjects":1,"activeProjects":0,"completedProjects":0,"totalUsers":11,"activeUsers":0}}
{"timestamp":"2025-09-25T16:11:23.159Z","level":"INFO","message":"Dashboard data retrieved successfully","metadata":{"userId":"1d4a0db5-7124-4468-b82a-786e55bc17f4","userRole":"admin","statsDays":30,"recentTasksCount":0,"recentActivitiesCount":0,"projectsCount":1,"includedSections":["stats","recentTasks","recentActivities","projects"]}}
{"timestamp":"2025-09-25T16:11:54.258Z","level":"INFO","message":"Admin statistics retrieved successfully","metadata":{"totalTasks":0,"completedTasks":0,"inProgressTasks":0,"overdueTasks":0,"totalProjects":1,"activeProjects":0,"completedProjects":0,"totalUsers":11,"activeUsers":0}}
{"timestamp":"2025-09-25T16:11:54.259Z","level":"INFO","message":"Dashboard data retrieved successfully","metadata":{"userId":"1d4a0db5-7124-4468-b82a-786e55bc17f4","userRole":"admin","statsDays":30,"recentTasksCount":0,"recentActivitiesCount":0,"projectsCount":1,"includedSections":["stats","recentTasks","recentActivities","projects"]}}
{"timestamp":"2025-09-25T16:12:26.227Z","level":"INFO","message":"Admin statistics retrieved successfully","metadata":{"totalTasks":0,"completedTasks":0,"inProgressTasks":0,"overdueTasks":0,"totalProjects":1,"activeProjects":0,"completedProjects":0,"totalUsers":11,"activeUsers":0}}
{"timestamp":"2025-09-25T16:12:26.246Z","level":"INFO","message":"Dashboard data retrieved successfully","metadata":{"userId":"1d4a0db5-7124-4468-b82a-786e55bc17f4","userRole":"admin","statsDays":30,"recentTasksCount":0,"recentActivitiesCount":0,"projectsCount":1,"includedSections":["stats","recentTasks","recentActivities","projects"]}}
{"timestamp":"2025-09-25T16:12:58.314Z","level":"INFO","message":"Admin statistics retrieved successfully","metadata":{"totalTasks":0,"completedTasks":0,"inProgressTasks":0,"overdueTasks":0,"totalProjects":1,"activeProjects":0,"completedProjects":0,"totalUsers":11,"activeUsers":0}}
{"timestamp":"2025-09-25T16:12:58.316Z","level":"INFO","message":"Dashboard data retrieved successfully","metadata":{"userId":"1d4a0db5-7124-4468-b82a-786e55bc17f4","userRole":"admin","statsDays":30,"recentTasksCount":0,"recentActivitiesCount":0,"projectsCount":1,"includedSections":["stats","recentTasks","recentActivities","projects"]}}
{"timestamp":"2025-09-25T16:13:30.837Z","level":"INFO","message":"Admin statistics retrieved successfully","metadata":{"totalTasks":0,"completedTasks":0,"inProgressTasks":0,"overdueTasks":0,"totalProjects":1,"activeProjects":0,"completedProjects":0,"totalUsers":11,"activeUsers":0}}
{"timestamp":"2025-09-25T16:13:31.054Z","level":"INFO","message":"Dashboard data retrieved successfully","metadata":{"userId":"1d4a0db5-7124-4468-b82a-786e55bc17f4","userRole":"admin","statsDays":30,"recentTasksCount":0,"recentActivitiesCount":0,"projectsCount":1,"includedSections":["stats","recentTasks","recentActivities","projects"]}}
{"timestamp":"2025-09-25T16:14:02.124Z","level":"INFO","message":"Admin statistics retrieved successfully","metadata":{"totalTasks":0,"completedTasks":0,"inProgressTasks":0,"overdueTasks":0,"totalProjects":1,"activeProjects":0,"completedProjects":0,"totalUsers":11,"activeUsers":0}}
{"timestamp":"2025-09-25T16:14:02.178Z","level":"INFO","message":"Dashboard data retrieved successfully","metadata":{"userId":"1d4a0db5-7124-4468-b82a-786e55bc17f4","userRole":"admin","statsDays":30,"recentTasksCount":0,"recentActivitiesCount":0,"projectsCount":1,"includedSections":["stats","recentTasks","recentActivities","projects"]}}
{"timestamp":"2025-09-25T16:27:42.874Z","level":"INFO","message":"Admin statistics retrieved successfully","metadata":{"totalTasks":0,"completedTasks":0,"inProgressTasks":0,"overdueTasks":0,"totalProjects":1,"activeProjects":0,"completedProjects":0,"totalUsers":11,"activeUsers":0}}
{"timestamp":"2025-09-25T16:27:42.946Z","level":"INFO","message":"Dashboard data retrieved successfully","metadata":{"userId":"1d4a0db5-7124-4468-b82a-786e55bc17f4","userRole":"admin","statsDays":30,"recentTasksCount":0,"recentActivitiesCount":0,"projectsCount":1,"includedSections":["stats","recentTasks","recentActivities","projects"]}}
{"timestamp":"2025-09-25T16:28:14.716Z","level":"INFO","message":"Admin statistics retrieved successfully","metadata":{"totalTasks":0,"completedTasks":0,"inProgressTasks":0,"overdueTasks":0,"totalProjects":1,"activeProjects":0,"completedProjects":0,"totalUsers":11,"activeUsers":0}}
{"timestamp":"2025-09-25T16:28:15.001Z","level":"INFO","message":"Dashboard data retrieved successfully","metadata":{"userId":"1d4a0db5-7124-4468-b82a-786e55bc17f4","userRole":"admin","statsDays":30,"recentTasksCount":0,"recentActivitiesCount":0,"projectsCount":1,"includedSections":["stats","recentTasks","recentActivities","projects"]}}
{"timestamp":"2025-09-25T16:29:32.501Z","level":"INFO","message":"Admin statistics retrieved successfully","metadata":{"totalTasks":0,"completedTasks":0,"inProgressTasks":0,"overdueTasks":0,"totalProjects":1,"activeProjects":0,"completedProjects":0,"totalUsers":11,"activeUsers":0}}
{"timestamp":"2025-09-25T16:29:32.581Z","level":"INFO","message":"Dashboard data retrieved successfully","metadata":{"userId":"1d4a0db5-7124-4468-b82a-786e55bc17f4","userRole":"admin","statsDays":30,"recentTasksCount":0,"recentActivitiesCount":0,"projectsCount":1,"includedSections":["stats","recentTasks","recentActivities","projects"]}}
{"timestamp":"2025-09-25T16:30:34.914Z","level":"ERROR","message":"Get complete dashboard data error","stack":"TypeError: task.dueDate?.toISOString is not a function\n    at D:\\task-manager\\server\\src\\services\\dashboardService.ts:274:30\n    at Array.map (<anonymous>)\n    at DashboardService.getRecentTasks (D:\\task-manager\\server\\src\\services\\dashboardService.ts:268:18)\n    at processTicksAndRejections (node:internal/process/task_queues:105:5)\n    at async Promise.all (index 1)\n    at DashboardService.getCompleteDashboardData (D:\\task-manager\\server\\src\\services\\dashboardService.ts:520:23)\n    at DashboardController.getDashboard (D:\\task-manager\\server\\src\\controllers\\dashboardController.ts:59:29)"}
{"timestamp":"2025-09-25T16:30:35.291Z","level":"INFO","message":"Admin statistics retrieved successfully","metadata":{"totalTasks":1,"completedTasks":0,"inProgressTasks":0,"overdueTasks":0,"totalProjects":1,"activeProjects":1,"completedProjects":0,"totalUsers":11,"activeUsers":0}}
{"timestamp":"2025-09-25T16:30:42.713Z","level":"ERROR","message":"Get complete dashboard data error","stack":"TypeError: task.dueDate?.toISOString is not a function\n    at D:\\task-manager\\server\\src\\services\\dashboardService.ts:274:30\n    at Array.map (<anonymous>)\n    at DashboardService.getRecentTasks (D:\\task-manager\\server\\src\\services\\dashboardService.ts:268:18)\n    at processTicksAndRejections (node:internal/process/task_queues:105:5)\n    at async Promise.all (index 1)\n    at DashboardService.getCompleteDashboardData (D:\\task-manager\\server\\src\\services\\dashboardService.ts:520:23)\n    at DashboardController.getDashboard (D:\\task-manager\\server\\src\\controllers\\dashboardController.ts:59:29)"}
{"timestamp":"2025-09-25T16:30:42.924Z","level":"INFO","message":"Admin statistics retrieved successfully","metadata":{"totalTasks":1,"completedTasks":0,"inProgressTasks":0,"overdueTasks":0,"totalProjects":1,"activeProjects":1,"completedProjects":0,"totalUsers":11,"activeUsers":0}}
{"timestamp":"2025-09-25T16:31:14.240Z","level":"ERROR","message":"Get complete dashboard data error","stack":"TypeError: task.dueDate?.toISOString is not a function\n    at D:\\task-manager\\server\\src\\services\\dashboardService.ts:274:30\n    at Array.map (<anonymous>)\n    at DashboardService.getRecentTasks (D:\\task-manager\\server\\src\\services\\dashboardService.ts:268:18)\n    at processTicksAndRejections (node:internal/process/task_queues:105:5)\n    at async Promise.all (index 1)\n    at DashboardService.getCompleteDashboardData (D:\\task-manager\\server\\src\\services\\dashboardService.ts:520:23)\n    at DashboardController.getDashboard (D:\\task-manager\\server\\src\\controllers\\dashboardController.ts:59:29)"}
{"timestamp":"2025-09-25T16:31:14.752Z","level":"INFO","message":"Admin statistics retrieved successfully","metadata":{"totalTasks":1,"completedTasks":0,"inProgressTasks":0,"overdueTasks":0,"totalProjects":1,"activeProjects":1,"completedProjects":0,"totalUsers":11,"activeUsers":0}}
{"timestamp":"2025-09-25T16:32:21.144Z","level":"ERROR","message":"Get complete dashboard data error","stack":"TypeError: task.dueDate?.toISOString is not a function\n    at D:\\task-manager\\server\\src\\services\\dashboardService.ts:274:30\n    at Array.map (<anonymous>)\n    at DashboardService.getRecentTasks (D:\\task-manager\\server\\src\\services\\dashboardService.ts:268:18)\n    at processTicksAndRejections (node:internal/process/task_queues:105:5)\n    at async Promise.all (index 1)\n    at DashboardService.getCompleteDashboardData (D:\\task-manager\\server\\src\\services\\dashboardService.ts:520:23)\n    at DashboardController.getDashboard (D:\\task-manager\\server\\src\\controllers\\dashboardController.ts:59:29)"}
{"timestamp":"2025-09-25T16:32:21.275Z","level":"INFO","message":"Admin statistics retrieved successfully","metadata":{"totalTasks":1,"completedTasks":0,"inProgressTasks":0,"overdueTasks":0,"totalProjects":1,"activeProjects":1,"completedProjects":0,"totalUsers":11,"activeUsers":0}}
{"timestamp":"2025-09-25T16:32:31.546Z","level":"ERROR","message":"Get complete dashboard data error","stack":"TypeError: task.dueDate?.toISOString is not a function\n    at D:\\task-manager\\server\\src\\services\\dashboardService.ts:274:30\n    at Array.map (<anonymous>)\n    at DashboardService.getRecentTasks (D:\\task-manager\\server\\src\\services\\dashboardService.ts:268:18)\n    at processTicksAndRejections (node:internal/process/task_queues:105:5)\n    at async Promise.all (index 1)\n    at DashboardService.getCompleteDashboardData (D:\\task-manager\\server\\src\\services\\dashboardService.ts:520:23)\n    at DashboardController.getDashboard (D:\\task-manager\\server\\src\\controllers\\dashboardController.ts:59:29)"}
{"timestamp":"2025-09-25T16:32:31.645Z","level":"INFO","message":"Admin statistics retrieved successfully","metadata":{"totalTasks":1,"completedTasks":0,"inProgressTasks":0,"overdueTasks":0,"totalProjects":1,"activeProjects":1,"completedProjects":0,"totalUsers":11,"activeUsers":0}}
{"timestamp":"2025-09-25T16:32:47.931Z","level":"ERROR","message":"Get complete dashboard data error","stack":"TypeError: task.dueDate?.toISOString is not a function\n    at D:\\task-manager\\server\\src\\services\\dashboardService.ts:274:30\n    at Array.map (<anonymous>)\n    at DashboardService.getRecentTasks (D:\\task-manager\\server\\src\\services\\dashboardService.ts:268:18)\n    at processTicksAndRejections (node:internal/process/task_queues:105:5)\n    at async Promise.all (index 1)\n    at DashboardService.getCompleteDashboardData (D:\\task-manager\\server\\src\\services\\dashboardService.ts:520:23)\n    at DashboardController.getDashboard (D:\\task-manager\\server\\src\\controllers\\dashboardController.ts:59:29)"}
{"timestamp":"2025-09-25T16:32:48.030Z","level":"INFO","message":"Admin statistics retrieved successfully","metadata":{"totalTasks":1,"completedTasks":0,"inProgressTasks":0,"overdueTasks":0,"totalProjects":1,"activeProjects":1,"completedProjects":0,"totalUsers":11,"activeUsers":0}}
{"timestamp":"2025-09-25T16:33:00.101Z","level":"ERROR","message":"Get complete dashboard data error","stack":"TypeError: task.dueDate?.toISOString is not a function\n    at D:\\task-manager\\server\\src\\services\\dashboardService.ts:274:30\n    at Array.map (<anonymous>)\n    at DashboardService.getRecentTasks (D:\\task-manager\\server\\src\\services\\dashboardService.ts:268:18)\n    at processTicksAndRejections (node:internal/process/task_queues:105:5)\n    at async Promise.all (index 1)\n    at DashboardService.getCompleteDashboardData (D:\\task-manager\\server\\src\\services\\dashboardService.ts:520:23)\n    at DashboardController.getDashboard (D:\\task-manager\\server\\src\\controllers\\dashboardController.ts:59:29)"}
{"timestamp":"2025-09-25T16:33:00.276Z","level":"INFO","message":"Admin statistics retrieved successfully","metadata":{"totalTasks":1,"completedTasks":0,"inProgressTasks":0,"overdueTasks":0,"totalProjects":1,"activeProjects":1,"completedProjects":0,"totalUsers":11,"activeUsers":0}}
{"timestamp":"2025-09-25T16:33:37.850Z","level":"ERROR","message":"Get complete dashboard data error","stack":"TypeError: task.dueDate?.toISOString is not a function\n    at D:\\task-manager\\server\\src\\services\\dashboardService.ts:274:30\n    at Array.map (<anonymous>)\n    at DashboardService.getRecentTasks (D:\\task-manager\\server\\src\\services\\dashboardService.ts:268:18)\n    at processTicksAndRejections (node:internal/process/task_queues:105:5)\n    at async Promise.all (index 1)\n    at DashboardService.getCompleteDashboardData (D:\\task-manager\\server\\src\\services\\dashboardService.ts:520:23)\n    at DashboardController.getDashboard (D:\\task-manager\\server\\src\\controllers\\dashboardController.ts:59:29)"}
{"timestamp":"2025-09-25T16:33:37.951Z","level":"INFO","message":"Admin statistics retrieved successfully","metadata":{"totalTasks":1,"completedTasks":0,"inProgressTasks":0,"overdueTasks":0,"totalProjects":1,"activeProjects":1,"completedProjects":0,"totalUsers":11,"activeUsers":0}}
{"timestamp":"2025-09-25T16:34:08.943Z","level":"INFO","message":"Admin statistics retrieved successfully","metadata":{"totalTasks":1,"completedTasks":0,"inProgressTasks":0,"overdueTasks":0,"totalProjects":1,"activeProjects":1,"completedProjects":0,"totalUsers":11,"activeUsers":0}}
{"timestamp":"2025-09-25T16:34:09.052Z","level":"INFO","message":"Dashboard data retrieved successfully","metadata":{"userId":"1d4a0db5-7124-4468-b82a-786e55bc17f4","userRole":"admin","statsDays":30,"recentTasksCount":1,"recentActivitiesCount":0,"projectsCount":1,"includedSections":["stats","recentTasks","recentActivities","projects"]}}
{"timestamp":"2025-09-25T16:34:40.313Z","level":"INFO","message":"Admin statistics retrieved successfully","metadata":{"totalTasks":1,"completedTasks":0,"inProgressTasks":0,"overdueTasks":0,"totalProjects":1,"activeProjects":1,"completedProjects":0,"totalUsers":11,"activeUsers":0}}
{"timestamp":"2025-09-25T16:34:40.354Z","level":"INFO","message":"Dashboard data retrieved successfully","metadata":{"userId":"1d4a0db5-7124-4468-b82a-786e55bc17f4","userRole":"admin","statsDays":30,"recentTasksCount":1,"recentActivitiesCount":0,"projectsCount":1,"includedSections":["stats","recentTasks","recentActivities","projects"]}}
{"timestamp":"2025-09-25T16:35:11.400Z","level":"INFO","message":"Admin statistics retrieved successfully","metadata":{"totalTasks":1,"completedTasks":0,"inProgressTasks":0,"overdueTasks":0,"totalProjects":1,"activeProjects":1,"completedProjects":0,"totalUsers":11,"activeUsers":0}}
{"timestamp":"2025-09-25T16:35:11.419Z","level":"INFO","message":"Dashboard data retrieved successfully","metadata":{"userId":"1d4a0db5-7124-4468-b82a-786e55bc17f4","userRole":"admin","statsDays":30,"recentTasksCount":1,"recentActivitiesCount":0,"projectsCount":1,"includedSections":["stats","recentTasks","recentActivities","projects"]}}
{"timestamp":"2025-09-25T16:35:42.537Z","level":"INFO","message":"Admin statistics retrieved successfully","metadata":{"totalTasks":1,"completedTasks":0,"inProgressTasks":0,"overdueTasks":0,"totalProjects":1,"activeProjects":1,"completedProjects":0,"totalUsers":11,"activeUsers":0}}
{"timestamp":"2025-09-25T16:35:42.692Z","level":"INFO","message":"Dashboard data retrieved successfully","metadata":{"userId":"1d4a0db5-7124-4468-b82a-786e55bc17f4","userRole":"admin","statsDays":30,"recentTasksCount":1,"recentActivitiesCount":0,"projectsCount":1,"includedSections":["stats","recentTasks","recentActivities","projects"]}}
{"timestamp":"2025-09-25T16:36:59.997Z","level":"INFO","message":"Admin statistics retrieved successfully","metadata":{"totalTasks":1,"completedTasks":0,"inProgressTasks":0,"overdueTasks":0,"totalProjects":1,"activeProjects":1,"completedProjects":0,"totalUsers":11,"activeUsers":0}}
{"timestamp":"2025-09-25T16:37:00.062Z","level":"INFO","message":"Dashboard data retrieved successfully","metadata":{"userId":"1d4a0db5-7124-4468-b82a-786e55bc17f4","userRole":"admin","statsDays":30,"recentTasksCount":1,"recentActivitiesCount":0,"projectsCount":1,"includedSections":["stats","recentTasks","recentActivities","projects"]}}
{"timestamp":"2025-09-25T16:44:12.410Z","level":"INFO","message":"Admin statistics retrieved successfully","metadata":{"totalTasks":1,"completedTasks":0,"inProgressTasks":0,"overdueTasks":0,"totalProjects":1,"activeProjects":1,"completedProjects":0,"totalUsers":11,"activeUsers":0}}
{"timestamp":"2025-09-25T16:44:12.446Z","level":"INFO","message":"Dashboard data retrieved successfully","metadata":{"userId":"1d4a0db5-7124-4468-b82a-786e55bc17f4","userRole":"admin","statsDays":30,"recentTasksCount":1,"recentActivitiesCount":0,"projectsCount":1,"includedSections":["stats","recentTasks","recentActivities","projects"]}}
{"timestamp":"2025-09-25T16:44:27.873Z","level":"INFO","message":"Admin statistics retrieved successfully","metadata":{"totalTasks":1,"completedTasks":0,"inProgressTasks":0,"overdueTasks":0,"totalProjects":1,"activeProjects":1,"completedProjects":0,"totalUsers":11,"activeUsers":0}}
{"timestamp":"2025-09-25T16:44:27.918Z","level":"INFO","message":"Dashboard data retrieved successfully","metadata":{"userId":"1d4a0db5-7124-4468-b82a-786e55bc17f4","userRole":"admin","statsDays":30,"recentTasksCount":1,"recentActivitiesCount":0,"projectsCount":1,"includedSections":["stats","recentTasks","recentActivities","projects"]}}
{"timestamp":"2025-09-25T16:44:49.606Z","level":"INFO","message":"User logged in successfully","metadata":{"userId":"1d4a0db5-7124-4468-b82a-786e55bc17f4","email":"newuserfdfdee@example.com"}}
{"timestamp":"2025-09-25T16:44:51.267Z","level":"INFO","message":"Admin statistics retrieved successfully","metadata":{"totalTasks":1,"completedTasks":0,"inProgressTasks":0,"overdueTasks":0,"totalProjects":1,"activeProjects":1,"completedProjects":0,"totalUsers":11,"activeUsers":0}}
{"timestamp":"2025-09-25T16:44:51.269Z","level":"INFO","message":"Dashboard data retrieved successfully","metadata":{"userId":"1d4a0db5-7124-4468-b82a-786e55bc17f4","userRole":"admin","statsDays":30,"recentTasksCount":1,"recentActivitiesCount":0,"projectsCount":1,"includedSections":["stats","recentTasks","recentActivities","projects"]}}
